#
# A fatal error has been detected by the Java Runtime Environment:
#
#  SIGSEGV (0xb) at pc=0x00007fffc552505d, pid=97751, tid=775
#
# JRE version: Java(TM) SE Runtime Environment (8.0_71-b15) (build 1.8.0_71-b15)
# Java VM: Java HotSpot(TM) 64-Bit Server VM (25.71-b15 mixed mode bsd-amd64 compressed oops)
# Problematic frame:
# C  [libobjc.A.dylib+0x705d]  objc_msgSend+0x1d
#
# Failed to write core dump. Core dumps have been disabled. To enable core dumping, try "ulimit -c unlimited" before starting Java again
#
# If you would like to submit a bug report, please visit:
#   http://bugreport.java.com/bugreport/crash.jsp
# The crash happened outside the Java Virtual Machine in native code.
# See problematic frame for where to report the bug.
#

---------------  T H R E A D  ---------------

Current thread (0x00007fcf860c3000):  JavaThread "AppKit Thread" daemon [_thread_in_native, id=775, stack(0x00007fff5df9b000,0x00007fff5e79b000)]

siginfo: si_signo: 11 (SIGSEGV), si_code: 1 (SEGV_MAPERR), si_addr: 0x000007fcf845bb40

Registers:
RAX=0x00007fcf84561ee0, RBX=0x00007fcf8462f100, RCX=0x00007fcf8457b940, RDX=0x00007fcf84561ee0
RSP=0x00007fff5e796038, RBP=0x00007fff5e796040, RSI=0x00007fffaee1f843, RDI=0x00007fcf8457b940
R8 =0x000000000000003f, R9 =0x00007fcf846850c0, R10=0x000007fcf845bb28, R11=0x00007fffaee1f843
R12=0x0000000000000000, R13=0x00007fcf846850c0, R14=0x00007fcf84561ee0, R15=0x0000000000000000
RIP=0x00007fffc552505d, EFLAGS=0x0000000000010206, ERR=0x0000000000000004
  TRAPNO=0x000000000000000e

Top of Stack: (sp=0x00007fff5e796038)
0x00007fff5e796038:   00007fffb06b445c 00007fff5e7960b0
0x00007fff5e796048:   00007fffb06b435b 0000000000000000
0x00007fff5e796058:   00007fffced11060 00000000c2000000
0x00007fff5e796068:   00007fffb06b43b0 00007fffcb589680
0x00007fff5e796078:   00007fcf846850c0 00007fcf84561ee0
0x00007fff5e796088:   00007fff5e796878 00007fffc5525040
0x00007fff5e796098:   00007fff5e796180 00007fcf846850c0
0x00007fff5e7960a8:   00007fffaedb705a 00007fff5e7960f0
0x00007fff5e7960b8:   00007fffb06b40c2 00007fff5e7966c0
0x00007fff5e7960c8:   0000000000000001 00007fffc5525040
0x00007fff5e7960d8:   00007fff5e796180 00007fff5e796878
0x00007fff5e7960e8:   00007fffaedb705a 00007fff5e796810
0x00007fff5e7960f8:   00007fffb0671523 00007fcf84700000
0x00007fff5e796108:   0000000000000001 0000000101485400
0x00007fff5e796118:   0000000000000004 00007fcf84614240
0x00007fff5e796128:   00007fffcb58acb0 0000000000000000
0x00007fff5e796138:   00007fcf8601a0d0 00007fcf84614201
0x00007fff5e796148:   00007fcf8458b7a0 00007fffcb6bd0e0
0x00007fff5e796158:   0000000000000000 0000000000000000
0x00007fff5e796168:   0000000000000000 00007fcf8458c360
0x00007fff5e796178:   00007fffcb5c9900 00007fff5e7966c0
0x00007fff5e796188:   0000000000000002 0000000000000100
0x00007fff5e796198:   00007fffcec7e400 00007fff5e7965c0
0x00007fff5e7961a8:   0000000000000000 0000000000000100
0x00007fff5e7961b8:   00007fcf84775900 00007fff5e7961f0
0x00007fff5e7961c8:   00007fffb06b4d0c ffff80307b88a620
0x00007fff5e7961d8:   00007fcf847759e0 00007fffcb6ba640
0x00007fff5e7961e8:   00007fcf847759e0 00007fff5e796220
0x00007fff5e7961f8:   00007fffb06b4d58 ffff80307b88a620
0x00007fff5e796208:   00007fcf847759e0 00007fffcb6ba8c0
0x00007fff5e796218:   00007fcf847759e0 00007fff5e796250
0x00007fff5e796228:   00007fffb06b4e3b 0000000000000dc0 

Instructions: (pc=0x00007fffc552505d)
0x00007fffc552503d:   0f 1f 00 48 85 ff 2e 74 62 40 f6 c7 01 2e 75 66
0x00007fffc552504d:   49 ba f8 ff ff ff ff 7f 00 00 4c 23 17 49 89 f3
0x00007fffc552505d:   45 23 5a 18 49 c1 e3 04 4d 03 5a 10 49 3b 33 75
0x00007fffc552506d:   04 41 ff 63 08 49 83 3b 01 76 0d 49 83 c3 10 49 

Register to memory mapping:

RAX=0x00007fcf84561ee0 is an unknown value
RBX=0x00007fcf8462f100 is an unknown value
RCX=0x00007fcf8457b940 is an unknown value
RDX=0x00007fcf84561ee0 is an unknown value
RSP=0x00007fff5e796038 is pointing into the stack for thread: 0x00007fcf860c3000
RBP=0x00007fff5e796040 is pointing into the stack for thread: 0x00007fcf860c3000
RSI=0x00007fffaee1f843: __NSStyleNameIndexTable+0xe048b in /System/Library/Frameworks/AppKit.framework/Versions/C/AppKit at 0x00007fffae152000
RDI=0x00007fcf8457b940 is an unknown value
R8 =0x000000000000003f is an unknown value
R9 =0x00007fcf846850c0 is an unknown value
R10=0x000007fcf845bb28 is an unknown value
R11=0x00007fffaee1f843: __NSStyleNameIndexTable+0xe048b in /System/Library/Frameworks/AppKit.framework/Versions/C/AppKit at 0x00007fffae152000
R12=0x0000000000000000 is an unknown value
R13=0x00007fcf846850c0 is an unknown value
R14=0x00007fcf84561ee0 is an unknown value
R15=0x0000000000000000 is an unknown value


Stack: [0x00007fff5df9b000,0x00007fff5e79b000],  sp=0x00007fff5e796038,  free space=8172k
Native frames: (J=compiled Java code, j=interpreted, Vv=VM code, C=native code)
C  [libobjc.A.dylib+0x705d]  objc_msgSend+0x1d
C  [CoreFoundation+0x9d35b]  _CFXRegistrationPost+0x1ab
C  [CoreFoundation+0x9d0c2]  ___CFXNotificationPost_block_invoke+0x32
C  [CoreFoundation+0x5a523]  -[_CFXNotificationRegistrar find:object:observer:enumerator:]+0x723
C  [CoreFoundation+0x5955c]  _CFXNotificationPost+0x25c
C  [Foundation+0x6907]  -[NSNotificationCenter postNotificationName:object:userInfo:]+0x42
C  [AppKit+0x24ee3b]  -[NSSurface _disposeSurface]+0x98
C  [AppKit+0x24e9ea]  -[NSSurface setWindow:]+0x35
C  [AppKit+0x28960]  -[NSView _setWindow:]+0xa0f
C  [AppKit+0x2b587]  -[NSView removeFromSuperview]+0x1d1
C  [AppKit+0x14cd60]  -[NSView removeFromSuperviewWithoutNeedingDisplay]+0x26
C  [liblwjgl.dylib+0xa205]  +[MacOSXKeyableWindow destroyWindow]+0xb5
C  [Foundation+0x717ba]  __NSThreadPerformPerform+0x146
C  [CoreFoundation+0xa7321]  __CFRUNLOOP_IS_CALLING_OUT_TO_A_SOURCE0_PERFORM_FUNCTION__+0x11
C  [CoreFoundation+0x8821d]  __CFRunLoopDoSources0+0x22d
C  [CoreFoundation+0x87716]  __CFRunLoopRun+0x3a6
C  [CoreFoundation+0x87114]  CFRunLoopRunSpecific+0x1a4
C  [HIToolbox+0x30ebc]  RunCurrentEventLoopInMode+0xf0
C  [HIToolbox+0x30cf1]  ReceiveNextEventCommon+0x1b0
C  [HIToolbox+0x30b26]  _BlockUntilNextEventMatchingListInModeWithFilter+0x47
C  [AppKit+0x46a54]  _DPSNextEvent+0x460
C  [AppKit+0x7c27ee]  -[NSApplication(NSEvent) _nextEventMatchingEventMask:untilDate:inMode:dequeue:]+0xaec
C  [libosxapp.dylib+0x23aa]  -[NSApplicationAWT nextEventMatchingMask:untilDate:inMode:dequeue:]+0x7c
C  [AppKit+0x3b3db]  -[NSApplication run]+0x39e
C  [libosxapp.dylib+0x214d]  +[NSApplicationAWT runAWTLoopWithApp:]+0x9c
C  [libawt_lwawt.dylib+0x4455b]  -[AWTStarter starter:]+0x389
C  [Foundation+0x717ba]  __NSThreadPerformPerform+0x146
C  [CoreFoundation+0xa7321]  __CFRUNLOOP_IS_CALLING_OUT_TO_A_SOURCE0_PERFORM_FUNCTION__+0x11
C  [CoreFoundation+0x8821d]  __CFRunLoopDoSources0+0x22d
C  [CoreFoundation+0x87716]  __CFRunLoopRun+0x3a6
C  [CoreFoundation+0x87114]  CFRunLoopRunSpecific+0x1a4
C  [java+0x6463]  CreateExecutionEnvironment+0x367
C  [java+0x21ac]  JLI_Launch+0x7a0
C  [java+0x84c0]  main+0x65
C  [java+0x1a04]  start+0x34
C  0x0000000000000006


---------------  P R O C E S S  ---------------

Java Threads: ( => current thread )
  0x00007fcf85261000 JavaThread "AWT-Shutdown" [_thread_blocked, id=29999, stack(0x000070000bda9000,0x000070000bea9000)]
=>0x00007fcf860c3000 JavaThread "AppKit Thread" daemon [_thread_in_native, id=775, stack(0x00007fff5df9b000,0x00007fff5e79b000)]
  0x00007fcf86009000 JavaThread "Service Thread" daemon [_thread_blocked, id=18691, stack(0x000070000cb56000,0x000070000cc56000)]
  0x00007fcf86013000 JavaThread "C1 CompilerThread2" daemon [_thread_blocked, id=18179, stack(0x000070000ca53000,0x000070000cb53000)]
  0x00007fcf8500b000 JavaThread "C2 CompilerThread1" daemon [_thread_blocked, id=17667, stack(0x000070000c950000,0x000070000ca50000)]
  0x00007fcf85009800 JavaThread "C2 CompilerThread0" daemon [_thread_blocked, id=17155, stack(0x000070000c84d000,0x000070000c94d000)]
  0x00007fcf85008000 JavaThread "Signal Dispatcher" daemon [_thread_blocked, id=16643, stack(0x000070000c74a000,0x000070000c84a000)]
  0x00007fcf85800800 JavaThread "Finalizer" daemon [_thread_blocked, id=12547, stack(0x000070000c647000,0x000070000c747000)]
  0x00007fcf84839000 JavaThread "Reference Handler" daemon [_thread_blocked, id=12035, stack(0x000070000c544000,0x000070000c644000)]
  0x00007fcf8480b800 JavaThread "main" [_thread_in_native, id=7171, stack(0x000070000bf32000,0x000070000c032000)]

Other Threads:
  0x00007fcf84836800 VMThread [stack: 0x000070000c441000,0x000070000c541000] [id=11523]
  0x00007fcf86046000 WatcherThread [stack: 0x000070000cc59000,0x000070000cd59000] [id=19203]

VM state:not at safepoint (normal execution)

VM Mutex/Monitor currently owned by a thread: None

Heap:
 PSYoungGen      total 18944K, used 11377K [0x00000007aab00000, 0x00000007ad000000, 0x00000007c0000000)
  eden space 16384K, 53% used [0x00000007aab00000,0x00000007ab3a0638,0x00000007abb00000)
  from space 2560K, 99% used [0x00000007abb00000,0x00000007abd7c030,0x00000007abd80000)
  to   space 2560K, 0% used [0x00000007acd80000,0x00000007acd80000,0x00000007ad000000)
 ParOldGen       total 44032K, used 1164K [0x0000000780000000, 0x0000000782b00000, 0x00000007aab00000)
  object space 44032K, 2% used [0x0000000780000000,0x0000000780123278,0x0000000782b00000)
 Metaspace       used 8441K, capacity 8559K, committed 8704K, reserved 1056768K
  class space    used 846K, capacity 922K, committed 1024K, reserved 1048576K

Card table byte_map: [0x000000010314f000,0x0000000103350000] byte_map_base: 0x00000000ff54f000

Marking Bits: (ParMarkBitMap*) 0x00000001026e3ea0
 Begin Bits: [0x0000000114455000, 0x0000000115455000)
 End Bits:   [0x0000000115455000, 0x0000000116455000)

Polling page: 0x0000000101525000

CodeCache: size=245760Kb used=3962Kb max_used=3962Kb free=241797Kb
 bounds [0x0000000105455000, 0x0000000105845000, 0x0000000114455000]
 total_blobs=1463 nmethods=1056 adapters=321
 compilation: enabled

Compilation events (10 events):
Event: 35.808 Thread 0x00007fcf86013000 1052       3       java.nio.Bits::long4 (7 bytes)
Event: 35.808 Thread 0x00007fcf86013000 nmethod 1052 0x0000000105832450 code [0x00000001058325a0, 0x00000001058326f0]
Event: 35.810 Thread 0x00007fcf86013000 1053   !   3       org.lwjgl.input.Mouse::isButtonDown (61 bytes)
Event: 35.810 Thread 0x00007fcf86013000 nmethod 1053 0x00000001058308d0 code [0x0000000105830a80, 0x0000000105831098]
Event: 35.818 Thread 0x00007fcf86013000 1054       3       java.nio.Bits::getLongB (60 bytes)
Event: 35.818 Thread 0x00007fcf86013000 nmethod 1054 0x000000010582fd10 code [0x000000010582ff00, 0x00000001058306c8]
Event: 35.818 Thread 0x00007fcf86013000 1055       3       java.nio.Bits::makeLong (77 bytes)
Event: 35.818 Thread 0x00007fcf86013000 nmethod 1055 0x0000000105832090 code [0x00000001058321e0, 0x00000001058323b0]
Event: 36.241 Thread 0x00007fcf86013000 1056  s    3       java.util.Vector::addElement (38 bytes)
Event: 36.242 Thread 0x00007fcf86013000 nmethod 1056 0x000000010582f450 code [0x000000010582f5e0, 0x000000010582fb08]

GC Heap History (2 events):
Event: 1.194 GC heap before
{Heap before GC invocations=1 (full 0):
 PSYoungGen      total 18944K, used 16384K [0x00000007aab00000, 0x00000007ac000000, 0x00000007c0000000)
  eden space 16384K, 100% used [0x00000007aab00000,0x00000007abb00000,0x00000007abb00000)
  from space 2560K, 0% used [0x00000007abd80000,0x00000007abd80000,0x00000007ac000000)
  to   space 2560K, 0% used [0x00000007abb00000,0x00000007abb00000,0x00000007abd80000)
 ParOldGen       total 44032K, used 0K [0x0000000780000000, 0x0000000782b00000, 0x00000007aab00000)
  object space 44032K, 0% used [0x0000000780000000,0x0000000780000000,0x0000000782b00000)
 Metaspace       used 8113K, capacity 8259K, committed 8320K, reserved 1056768K
  class space    used 834K, capacity 888K, committed 896K, reserved 1048576K
Event: 1.209 GC heap after
Heap after GC invocations=1 (full 0):
 PSYoungGen      total 18944K, used 2544K [0x00000007aab00000, 0x00000007ad000000, 0x00000007c0000000)
  eden space 16384K, 0% used [0x00000007aab00000,0x00000007aab00000,0x00000007abb00000)
  from space 2560K, 99% used [0x00000007abb00000,0x00000007abd7c030,0x00000007abd80000)
  to   space 2560K, 0% used [0x00000007acd80000,0x00000007acd80000,0x00000007ad000000)
 ParOldGen       total 44032K, used 1164K [0x0000000780000000, 0x0000000782b00000, 0x00000007aab00000)
  object space 44032K, 2% used [0x0000000780000000,0x0000000780123278,0x0000000782b00000)
 Metaspace       used 8113K, capacity 8259K, committed 8320K, reserved 1056768K
  class space    used 834K, capacity 888K, committed 896K, reserved 1048576K
}

Deoptimization events (3 events):
Event: 0.432 Thread 0x00007fcf8480b800 Uncommon trap: reason=unstable_if action=reinterpret pc=0x00000001055e391c method=java.lang.String.replace(CC)Ljava/lang/String; @ 26
Event: 31.191 Thread 0x00007fcf8480b800 Uncommon trap: reason=unstable_if action=reinterpret pc=0x000000010580819c method=sun.misc.FloatingDecimal$BinaryToASCIIBuffer.estimateDecExp(JI)I @ 117
Event: 31.191 Thread 0x00007fcf8480b800 Uncommon trap: reason=unstable_if action=reinterpret pc=0x00000001058002b8 method=sun.misc.FloatingDecimal$BinaryToASCIIBuffer.getChars([C)I @ 210

Internal exceptions (10 events):
Event: 0.045 Thread 0x00007fcf8480b800 Exception <a 'java/lang/NoSuchMethodError': Method sun.misc.Unsafe.prefetchRead(Ljava/lang/Object;J)V name or signature does not match> (0x00000007aab13160) thrown at [/Users/java_re/workspace/8-2-build-macosx-x86_64/jdk8u71/5731/hotspot/src/share/vm/prim
Event: 0.149 Thread 0x00007fcf8480b800 Exception <a 'java/security/PrivilegedActionException'> (0x00000007aad1f8a0) thrown at [/Users/java_re/workspace/8-2-build-macosx-x86_64/jdk8u71/5731/hotspot/src/share/vm/prims/jvm.cpp, line 1386]
Event: 0.150 Thread 0x00007fcf8480b800 Exception <a 'java/security/PrivilegedActionException'> (0x00000007aad1fab0) thrown at [/Users/java_re/workspace/8-2-build-macosx-x86_64/jdk8u71/5731/hotspot/src/share/vm/prims/jvm.cpp, line 1386]
Event: 0.150 Thread 0x00007fcf8480b800 Exception <a 'java/security/PrivilegedActionException'> (0x00000007aad22f38) thrown at [/Users/java_re/workspace/8-2-build-macosx-x86_64/jdk8u71/5731/hotspot/src/share/vm/prims/jvm.cpp, line 1386]
Event: 0.150 Thread 0x00007fcf8480b800 Exception <a 'java/security/PrivilegedActionException'> (0x00000007aad23148) thrown at [/Users/java_re/workspace/8-2-build-macosx-x86_64/jdk8u71/5731/hotspot/src/share/vm/prims/jvm.cpp, line 1386]
Event: 0.195 Thread 0x00007fcf8480b800 Exception <a 'java/lang/NoSuchFieldError': method resolution failed> (0x00000007aadf49d8) thrown at [/Users/java_re/workspace/8-2-build-macosx-x86_64/jdk8u71/5731/hotspot/src/share/vm/prims/methodHandles.cpp, line 1146]
Event: 0.197 Thread 0x00007fcf8480b800 Exception <a 'java/lang/NoSuchFieldError': method resolution failed> (0x00000007aae02128) thrown at [/Users/java_re/workspace/8-2-build-macosx-x86_64/jdk8u71/5731/hotspot/src/share/vm/prims/methodHandles.cpp, line 1146]
Event: 0.392 Thread 0x00007fcf8480b800 Exception <a 'java/io/FileNotFoundException'> (0x00000007aae7d900) thrown at [/Users/java_re/workspace/8-2-build-macosx-x86_64/jdk8u71/5731/hotspot/src/share/vm/prims/jni.cpp, line 709]
Event: 0.392 Thread 0x00007fcf8480b800 Exception <a 'java/io/FileNotFoundException'> (0x00000007aae7e440) thrown at [/Users/java_re/workspace/8-2-build-macosx-x86_64/jdk8u71/5731/hotspot/src/share/vm/prims/jni.cpp, line 709]
Event: 0.732 Thread 0x00007fcf8480b800 Exception <a 'java/lang/NoClassDefFoundError': net/java/games/input/ControllerEnvironment> (0x00000007ab2d23b0) thrown at [/Users/java_re/workspace/8-2-build-macosx-x86_64/jdk8u71/5731/hotspot/src/share/vm/classfile/systemDictionary.cpp, line 199]

Events (10 events):
Event: 24.915 Thread 0x00007fcf84a4e000 Thread exited: 0x00007fcf84a4e000
Event: 26.878 Thread 0x00007fcf85261000 Thread added: 0x00007fcf85261000
Event: 31.191 Thread 0x00007fcf8480b800 Uncommon trap: trap_request=0xffffff65 fr.pc=0x000000010580819c
Event: 31.191 Thread 0x00007fcf8480b800 DEOPT PACKING pc=0x000000010580819c sp=0x000070000c031440
Event: 31.191 Thread 0x00007fcf8480b800 DEOPT UNPACKING pc=0x000000010545a229 sp=0x000070000c031270 mode 2
Event: 31.191 Thread 0x00007fcf8480b800 Uncommon trap: trap_request=0xffffff65 fr.pc=0x00000001058002b8
Event: 31.191 Thread 0x00007fcf8480b800 DEOPT PACKING pc=0x00000001058002b8 sp=0x000070000c031430
Event: 31.191 Thread 0x00007fcf8480b800 DEOPT UNPACKING pc=0x000000010545a229 sp=0x000070000c0313e8 mode 2
Event: 36.240 loading class org/lwjgl/opengl/CallbackUtil
Event: 36.240 loading class org/lwjgl/opengl/CallbackUtil done


Dynamic libraries:
0x000000003b2a1000 	/System/Library/Frameworks/Cocoa.framework/Versions/A/Cocoa
0x000000003b2a1000 	/System/Library/Frameworks/Security.framework/Versions/A/Security
0x000000003b2a1000 	/System/Library/Frameworks/ApplicationServices.framework/Versions/A/ApplicationServices
0x000000003b2a1000 	/usr/lib/libz.1.dylib
0x000000003b2a1000 	/usr/lib/libSystem.B.dylib
0x000000003b2a1000 	/usr/lib/libobjc.A.dylib
0x000000003b2a1000 	/System/Library/Frameworks/CoreFoundation.framework/Versions/A/CoreFoundation
0x000000003b2a1000 	/System/Library/Frameworks/Foundation.framework/Versions/C/Foundation
0x000000003b2a1000 	/System/Library/Frameworks/AppKit.framework/Versions/C/AppKit
0x000000003b2a1000 	/System/Library/Frameworks/CoreData.framework/Versions/A/CoreData
0x000000003b2a1000 	/System/Library/PrivateFrameworks/RemoteViewServices.framework/Versions/A/RemoteViewServices
0x000000003b2a1000 	/System/Library/PrivateFrameworks/UIFoundation.framework/Versions/A/UIFoundation
0x000000003b2a1000 	/System/Library/PrivateFrameworks/DFRFoundation.framework/Versions/A/DFRFoundation
0x000000003b2a1000 	/usr/lib/libenergytrace.dylib
0x000000003b2a1000 	/System/Library/PrivateFrameworks/SkyLight.framework/Versions/A/SkyLight
0x000000003b2a1000 	/System/Library/Frameworks/CoreGraphics.framework/Versions/A/CoreGraphics
0x000000003b2a1000 	/usr/lib/libScreenReader.dylib
0x000000003b2a1000 	/System/Library/Frameworks/Accelerate.framework/Versions/A/Accelerate
0x000000003b2a1000 	/System/Library/Frameworks/IOSurface.framework/Versions/A/IOSurface
0x000000003b2a1000 	/System/Library/Frameworks/AudioToolbox.framework/Versions/A/AudioToolbox
0x000000003b2a1000 	/System/Library/Frameworks/AudioUnit.framework/Versions/A/AudioUnit
0x000000003b2a1000 	/System/Library/PrivateFrameworks/DataDetectorsCore.framework/Versions/A/DataDetectorsCore
0x000000003b2a1000 	/System/Library/PrivateFrameworks/DesktopServicesPriv.framework/Versions/A/DesktopServicesPriv
0x000000003b2a1000 	/System/Library/Frameworks/Carbon.framework/Versions/A/Frameworks/HIToolbox.framework/Versions/A/HIToolbox
0x000000003b2a1000 	/usr/lib/libicucore.A.dylib
0x000000003b2a1000 	/System/Library/Frameworks/QuartzCore.framework/Versions/A/QuartzCore
0x000000003b2a1000 	/System/Library/Frameworks/Carbon.framework/Versions/A/Frameworks/SpeechRecognition.framework/Versions/A/SpeechRecognition
0x000000003b2a1000 	/usr/lib/libauto.dylib
0x000000003b2a1000 	/usr/lib/libxml2.2.dylib
0x000000003b2a1000 	/System/Library/PrivateFrameworks/CoreUI.framework/Versions/A/CoreUI
0x000000003b2a1000 	/System/Library/Frameworks/CoreAudio.framework/Versions/A/CoreAudio
0x000000003b2a1000 	/System/Library/Frameworks/DiskArbitration.framework/Versions/A/DiskArbitration
0x000000003b2a1000 	/usr/lib/liblangid.dylib
0x000000003b2a1000 	/System/Library/PrivateFrameworks/MultitouchSupport.framework/Versions/A/MultitouchSupport
0x000000003b2a1000 	/System/Library/Frameworks/IOKit.framework/Versions/A/IOKit
0x000000003b2a1000 	/usr/lib/libDiagnosticMessagesClient.dylib
0x000000003b2a1000 	/System/Library/Frameworks/CoreServices.framework/Versions/A/CoreServices
0x000000003b2a1000 	/System/Library/PrivateFrameworks/PerformanceAnalysis.framework/Versions/A/PerformanceAnalysis
0x000000003b2a1000 	/System/Library/PrivateFrameworks/GenerationalStorage.framework/Versions/A/GenerationalStorage
0x000000003b2a1000 	/System/Library/Frameworks/OpenGL.framework/Versions/A/OpenGL
0x000000003b2a1000 	/System/Library/Frameworks/CoreImage.framework/Versions/A/CoreImage
0x000000003b2a1000 	/System/Library/Frameworks/CoreText.framework/Versions/A/CoreText
0x000000003b2a1000 	/System/Library/Frameworks/ImageIO.framework/Versions/A/ImageIO
0x000000003b2a1000 	/System/Library/PrivateFrameworks/Backup.framework/Versions/A/Backup
0x000000003b2a1000 	/usr/lib/libarchive.2.dylib
0x000000003b2a1000 	/System/Library/Frameworks/CFNetwork.framework/Versions/A/CFNetwork
0x000000003b2a1000 	/System/Library/Frameworks/SystemConfiguration.framework/Versions/A/SystemConfiguration
0x000000003b2a1000 	/usr/lib/libCRFSuite.dylib
0x000000003b2a1000 	/usr/lib/libc++.1.dylib
0x000000003b2a1000 	/usr/lib/libc++abi.dylib
0x000000003b2a1000 	/usr/lib/system/libcache.dylib
0x000000003b2a1000 	/usr/lib/system/libcommonCrypto.dylib
0x000000003b2a1000 	/usr/lib/system/libcompiler_rt.dylib
0x000000003b2a1000 	/usr/lib/system/libcopyfile.dylib
0x000000003b2a1000 	/usr/lib/system/libcorecrypto.dylib
0x000000003b2a1000 	/usr/lib/system/libdispatch.dylib
0x000000003b2a1000 	/usr/lib/system/libdyld.dylib
0x000000003b2a1000 	/usr/lib/system/libkeymgr.dylib
0x000000003b2a1000 	/usr/lib/system/liblaunch.dylib
0x000000003b2a1000 	/usr/lib/system/libmacho.dylib
0x000000003b2a1000 	/usr/lib/system/libquarantine.dylib
0x000000003b2a1000 	/usr/lib/system/libremovefile.dylib
0x000000003b2a1000 	/usr/lib/system/libsystem_asl.dylib
0x000000003b2a1000 	/usr/lib/system/libsystem_blocks.dylib
0x000000003b2a1000 	/usr/lib/system/libsystem_c.dylib
0x000000003b2a1000 	/usr/lib/system/libsystem_configuration.dylib
0x000000003b2a1000 	/usr/lib/system/libsystem_coreservices.dylib
0x000000003b2a1000 	/usr/lib/system/libsystem_coretls.dylib
0x000000003b2a1000 	/usr/lib/system/libsystem_dnssd.dylib
0x000000003b2a1000 	/usr/lib/system/libsystem_info.dylib
0x000000003b2a1000 	/usr/lib/system/libsystem_kernel.dylib
0x000000003b2a1000 	/usr/lib/system/libsystem_m.dylib
0x000000003b2a1000 	/usr/lib/system/libsystem_malloc.dylib
0x000000003b2a1000 	/usr/lib/system/libsystem_network.dylib
0x000000003b2a1000 	/usr/lib/system/libsystem_networkextension.dylib
0x000000003b2a1000 	/usr/lib/system/libsystem_notify.dylib
0x000000003b2a1000 	/usr/lib/system/libsystem_platform.dylib
0x000000003b2a1000 	/usr/lib/system/libsystem_pthread.dylib
0x000000003b2a1000 	/usr/lib/system/libsystem_sandbox.dylib
0x000000003b2a1000 	/usr/lib/system/libsystem_secinit.dylib
0x000000003b2a1000 	/usr/lib/system/libsystem_symptoms.dylib
0x000000003b2a1000 	/usr/lib/system/libsystem_trace.dylib
0x000000003b2a1000 	/usr/lib/system/libunwind.dylib
0x000000003b2a1000 	/usr/lib/system/libxpc.dylib
0x000000003b2a1000 	/usr/lib/libbsm.0.dylib
0x000000003b2a1000 	/usr/lib/system/libkxld.dylib
0x000000003b2a1000 	/usr/lib/libcoretls.dylib
0x000000003b2a1000 	/usr/lib/libcoretls_cfhelpers.dylib
0x000000003b2a1000 	/usr/lib/libOpenScriptingUtil.dylib
0x000000003b2a1000 	/usr/lib/libpam.2.dylib
0x000000003b2a1000 	/usr/lib/libsqlite3.dylib
0x000000003b2a1000 	/usr/lib/libxar.1.dylib
0x000000003b2a1000 	/usr/lib/libbz2.1.0.dylib
0x000000003b2a1000 	/usr/lib/liblzma.5.dylib
0x000000003b2a1000 	/usr/lib/libnetwork.dylib
0x000000003b2a1000 	/usr/lib/libpcap.A.dylib
0x000000003b2a1000 	/System/Library/Frameworks/CoreServices.framework/Versions/A/Frameworks/FSEvents.framework/Versions/A/FSEvents
0x000000003b2a1000 	/System/Library/Frameworks/CoreServices.framework/Versions/A/Frameworks/CarbonCore.framework/Versions/A/CarbonCore
0x000000003b2a1000 	/System/Library/Frameworks/CoreServices.framework/Versions/A/Frameworks/Metadata.framework/Versions/A/Metadata
0x000000003b2a1000 	/System/Library/Frameworks/CoreServices.framework/Versions/A/Frameworks/OSServices.framework/Versions/A/OSServices
0x000000003b2a1000 	/System/Library/Frameworks/CoreServices.framework/Versions/A/Frameworks/SearchKit.framework/Versions/A/SearchKit
0x000000003b2a1000 	/System/Library/Frameworks/CoreServices.framework/Versions/A/Frameworks/AE.framework/Versions/A/AE
0x000000003b2a1000 	/System/Library/Frameworks/CoreServices.framework/Versions/A/Frameworks/LaunchServices.framework/Versions/A/LaunchServices
0x000000003b2a1000 	/System/Library/Frameworks/CoreServices.framework/Versions/A/Frameworks/DictionaryServices.framework/Versions/A/DictionaryServices
0x000000003b2a1000 	/System/Library/Frameworks/CoreServices.framework/Versions/A/Frameworks/SharedFileList.framework/Versions/A/SharedFileList
0x000000003b2a1000 	/System/Library/Frameworks/NetFS.framework/Versions/A/NetFS
0x000000003b2a1000 	/System/Library/PrivateFrameworks/NetAuth.framework/Versions/A/NetAuth
0x000000003b2a1000 	/System/Library/PrivateFrameworks/login.framework/Versions/A/Frameworks/loginsupport.framework/Versions/A/loginsupport
0x000000003b2a1000 	/System/Library/PrivateFrameworks/TCC.framework/Versions/A/TCC
0x000000003b2a1000 	/usr/lib/libmecabra.dylib
0x000000003b2a1000 	/System/Library/Frameworks/ApplicationServices.framework/Versions/A/Frameworks/ATS.framework/Versions/A/ATS
0x000000003b2a1000 	/System/Library/Frameworks/ApplicationServices.framework/Versions/A/Frameworks/ColorSync.framework/Versions/A/ColorSync
0x000000003b2a1000 	/System/Library/Frameworks/ApplicationServices.framework/Versions/A/Frameworks/HIServices.framework/Versions/A/HIServices
0x000000003b2a1000 	/System/Library/Frameworks/ApplicationServices.framework/Versions/A/Frameworks/LangAnalysis.framework/Versions/A/LangAnalysis
0x000000003b2a1000 	/System/Library/Frameworks/ApplicationServices.framework/Versions/A/Frameworks/PrintCore.framework/Versions/A/PrintCore
0x000000003b2a1000 	/System/Library/Frameworks/ApplicationServices.framework/Versions/A/Frameworks/QD.framework/Versions/A/QD
0x000000003b2a1000 	/System/Library/Frameworks/ApplicationServices.framework/Versions/A/Frameworks/SpeechSynthesis.framework/Versions/A/SpeechSynthesis
0x000000003b2a1000 	/System/Library/Frameworks/Accelerate.framework/Versions/A/Frameworks/vImage.framework/Versions/A/vImage
0x000000003b2a1000 	/System/Library/Frameworks/Accelerate.framework/Versions/A/Frameworks/vecLib.framework/Versions/A/vecLib
0x000000003b2a1000 	/System/Library/Frameworks/Accelerate.framework/Versions/A/Frameworks/vecLib.framework/Versions/A/libvDSP.dylib
0x000000003b2a1000 	/System/Library/Frameworks/Accelerate.framework/Versions/A/Frameworks/vecLib.framework/Versions/A/libBNNS.dylib
0x000000003b2a1000 	/System/Library/Frameworks/Accelerate.framework/Versions/A/Frameworks/vecLib.framework/Versions/A/libQuadrature.dylib
0x000000003b2a1000 	/System/Library/Frameworks/Accelerate.framework/Versions/A/Frameworks/vecLib.framework/Versions/A/libvMisc.dylib
0x000000003b2a1000 	/System/Library/Frameworks/Accelerate.framework/Versions/A/Frameworks/vecLib.framework/Versions/A/libLAPACK.dylib
0x000000003b2a1000 	/System/Library/Frameworks/Accelerate.framework/Versions/A/Frameworks/vecLib.framework/Versions/A/libBLAS.dylib
0x000000003b2a1000 	/System/Library/Frameworks/Accelerate.framework/Versions/A/Frameworks/vecLib.framework/Versions/A/libLinearAlgebra.dylib
0x000000003b2a1000 	/System/Library/Frameworks/Accelerate.framework/Versions/A/Frameworks/vecLib.framework/Versions/A/libSparseBLAS.dylib
0x000000003b2a1000 	/System/Library/Frameworks/ApplicationServices.framework/Versions/A/Frameworks/ATS.framework/Versions/A/Resources/libFontParser.dylib
0x000000003b2a1000 	/System/Library/Frameworks/ApplicationServices.framework/Versions/A/Frameworks/ATS.framework/Versions/A/Resources/libFontRegistry.dylib
0x000000003b2a1000 	/System/Library/Frameworks/ImageIO.framework/Versions/A/Resources/libJPEG.dylib
0x000000003b2a1000 	/System/Library/Frameworks/ImageIO.framework/Versions/A/Resources/libTIFF.dylib
0x000000003b2a1000 	/System/Library/Frameworks/ImageIO.framework/Versions/A/Resources/libPng.dylib
0x000000003b2a1000 	/System/Library/Frameworks/ImageIO.framework/Versions/A/Resources/libGIF.dylib
0x000000003b2a1000 	/System/Library/Frameworks/ImageIO.framework/Versions/A/Resources/libJP2.dylib
0x000000003b2a1000 	/System/Library/Frameworks/ImageIO.framework/Versions/A/Resources/libRadiance.dylib
0x000000003b2a1000 	/usr/lib/libcompression.dylib
0x000000003b2a1000 	/System/Library/PrivateFrameworks/AppleJPEG.framework/Versions/A/AppleJPEG
0x000000003b2a1000 	/usr/lib/libcups.2.dylib
0x000000003b2a1000 	/System/Library/Frameworks/Kerberos.framework/Versions/A/Kerberos
0x000000003b2a1000 	/System/Library/Frameworks/GSS.framework/Versions/A/GSS
0x000000003b2a1000 	/usr/lib/libresolv.9.dylib
0x000000003b2a1000 	/usr/lib/libiconv.2.dylib
0x000000003b2a1000 	/System/Library/PrivateFrameworks/Heimdal.framework/Versions/A/Heimdal
0x000000003b2a1000 	/usr/lib/libheimdal-asn1.dylib
0x000000003b2a1000 	/System/Library/Frameworks/OpenDirectory.framework/Versions/A/OpenDirectory
0x000000003b2a1000 	/System/Library/PrivateFrameworks/CommonAuth.framework/Versions/A/CommonAuth
0x000000003b2a1000 	/System/Library/Frameworks/OpenDirectory.framework/Versions/A/Frameworks/CFOpenDirectory.framework/Versions/A/CFOpenDirectory
0x000000003b2a1000 	/System/Library/Frameworks/SecurityFoundation.framework/Versions/A/SecurityFoundation
0x000000003b2a1000 	/System/Library/PrivateFrameworks/LanguageModeling.framework/Versions/A/LanguageModeling
0x000000003b2a1000 	/usr/lib/libmarisa.dylib
0x000000003b2a1000 	/usr/lib/libChineseTokenizer.dylib
0x000000003b2a1000 	/usr/lib/libcmph.dylib
0x000000003b2a1000 	/System/Library/PrivateFrameworks/CoreEmoji.framework/Versions/A/CoreEmoji
0x000000003b2a1000 	/System/Library/Frameworks/ServiceManagement.framework/Versions/A/ServiceManagement
0x000000003b2a1000 	/usr/lib/libxslt.1.dylib
0x000000003b2a1000 	/System/Library/Frameworks/Carbon.framework/Versions/A/Frameworks/Ink.framework/Versions/A/Ink
0x000000003b2a1000 	/System/Library/PrivateFrameworks/TextureIO.framework/Versions/A/TextureIO
0x000000003b2a1000 	/System/Library/Frameworks/Metal.framework/Versions/A/Metal
0x000000003b2a1000 	/usr/lib/libate.dylib
0x000000003b2a1000 	/System/Library/PrivateFrameworks/GPUCompiler.framework/libmetal_timestamp.dylib
0x000000003b2a1000 	/System/Library/Frameworks/OpenGL.framework/Versions/A/Libraries/libCoreFSCache.dylib
0x000000003b2a1000 	/System/Library/PrivateFrameworks/IOAccelerator.framework/Versions/A/IOAccelerator
0x000000003b2a1000 	/System/Library/Frameworks/CoreVideo.framework/Versions/A/CoreVideo
0x000000003b2a1000 	/usr/lib/libFosl_dynamic.dylib
0x000000003b2a1000 	/System/Library/PrivateFrameworks/MetalPerformanceShaders.framework/Versions/A/MetalPerformanceShaders
0x000000003b2a1000 	/System/Library/PrivateFrameworks/FaceCore.framework/Versions/A/FaceCore
0x000000003b2a1000 	/System/Library/Frameworks/OpenCL.framework/Versions/A/OpenCL
0x000000003b2a1000 	/System/Library/Frameworks/OpenGL.framework/Versions/A/Libraries/libGLU.dylib
0x000000003b2a1000 	/System/Library/Frameworks/OpenGL.framework/Versions/A/Libraries/libGFXShared.dylib
0x000000003b2a1000 	/System/Library/Frameworks/OpenGL.framework/Versions/A/Libraries/libGL.dylib
0x000000003b2a1000 	/System/Library/Frameworks/OpenGL.framework/Versions/A/Libraries/libGLImage.dylib
0x000000003b2a1000 	/System/Library/Frameworks/OpenGL.framework/Versions/A/Libraries/libCVMSPluginSupport.dylib
0x000000003b2a1000 	/System/Library/Frameworks/OpenGL.framework/Versions/A/Libraries/libCoreVMClient.dylib
0x000000003b2a1000 	/System/Library/PrivateFrameworks/CrashReporterSupport.framework/Versions/A/CrashReporterSupport
0x000000003b2a1000 	/System/Library/PrivateFrameworks/Sharing.framework/Versions/A/Sharing
0x000000003b2a1000 	/System/Library/PrivateFrameworks/IconServices.framework/Versions/A/IconServices
0x000000003b2a1000 	/System/Library/PrivateFrameworks/ProtocolBuffer.framework/Versions/A/ProtocolBuffer
0x000000003b2a1000 	/System/Library/PrivateFrameworks/Apple80211.framework/Versions/A/Apple80211
0x000000003b2a1000 	/System/Library/Frameworks/CoreWLAN.framework/Versions/A/CoreWLAN
0x000000003b2a1000 	/System/Library/PrivateFrameworks/CoreUtils.framework/Versions/A/CoreUtils
0x000000003b2a1000 	/System/Library/Frameworks/IOBluetooth.framework/Versions/A/IOBluetooth
0x000000003b2a1000 	/System/Library/PrivateFrameworks/CoreWiFi.framework/Versions/A/CoreWiFi
0x000000003b2a1000 	/System/Library/Frameworks/CoreBluetooth.framework/Versions/A/CoreBluetooth
0x000000003b2a1000 	/System/Library/Frameworks/CoreDisplay.framework/Versions/A/CoreDisplay
0x000000003b2a1000 	/System/Library/PrivateFrameworks/IOPresentment.framework/Versions/A/IOPresentment
0x000000003b2a1000 	/System/Library/PrivateFrameworks/DSExternalDisplay.framework/Versions/A/DSExternalDisplay
0x000000003b2a1000 	/System/Library/PrivateFrameworks/DebugSymbols.framework/Versions/A/DebugSymbols
0x000000003b2a1000 	/System/Library/PrivateFrameworks/CoreSymbolication.framework/Versions/A/CoreSymbolication
0x000000003b2a1000 	/System/Library/PrivateFrameworks/Symbolication.framework/Versions/A/Symbolication
0x000000003b2a1000 	/System/Library/PrivateFrameworks/AppleFSCompression.framework/Versions/A/AppleFSCompression
0x000000003b2a1000 	/System/Library/PrivateFrameworks/SpeechRecognitionCore.framework/Versions/A/SpeechRecognitionCore
0x000000003b2a1000 	/System/Library/PrivateFrameworks/ChunkingLibrary.framework/Versions/A/ChunkingLibrary
0x0000000101e00000 	/Library/Java/JavaVirtualMachines/jdk1.8.0_71.jdk/Contents/Home/jre/lib/server/libjvm.dylib
0x000000003b2a1000 	/usr/lib/libstdc++.6.dylib
0x00000001014e2000 	/Library/Java/JavaVirtualMachines/jdk1.8.0_71.jdk/Contents/Home/jre/lib/libverify.dylib
0x00000001014f0000 	/Library/Java/JavaVirtualMachines/jdk1.8.0_71.jdk/Contents/Home/jre/lib/libjava.dylib
0x000000010152f000 	/Library/Java/JavaVirtualMachines/jdk1.8.0_71.jdk/Contents/Home/jre/lib/libzip.dylib
0x00000001050d1000 	/System/Library/Frameworks/JavaVM.framework/Frameworks/JavaRuntimeSupport.framework/JavaRuntimeSupport
0x00000001050eb000 	/System/Library/Frameworks/JavaVM.framework/Versions/A/Frameworks/JavaNativeFoundation.framework/Versions/A/JavaNativeFoundation
0x00000001015f0000 	/System/Library/Frameworks/JavaVM.framework/Versions/A/JavaVM
0x000000003b2a1000 	/System/Library/Frameworks/Carbon.framework/Versions/A/Carbon
0x0000000105100000 	/System/Library/PrivateFrameworks/JavaLaunching.framework/Versions/A/JavaLaunching
0x000000003b2a1000 	/System/Library/Frameworks/Carbon.framework/Versions/A/Frameworks/CommonPanels.framework/Versions/A/CommonPanels
0x000000003b2a1000 	/System/Library/Frameworks/Carbon.framework/Versions/A/Frameworks/Help.framework/Versions/A/Help
0x000000003b2a1000 	/System/Library/Frameworks/Carbon.framework/Versions/A/Frameworks/ImageCapture.framework/Versions/A/ImageCapture
0x000000003b2a1000 	/System/Library/Frameworks/Carbon.framework/Versions/A/Frameworks/OpenScripting.framework/Versions/A/OpenScripting
0x000000003b2a1000 	/System/Library/Frameworks/Carbon.framework/Versions/A/Frameworks/Print.framework/Versions/A/Print
0x000000003b2a1000 	/System/Library/Frameworks/Carbon.framework/Versions/A/Frameworks/SecurityHI.framework/Versions/A/SecurityHI
0x0000000105173000 	/Library/Java/JavaVirtualMachines/jdk1.8.0_71.jdk/Contents/Home/jre/lib/libawt.dylib
0x000000010521b000 	/Library/Java/JavaVirtualMachines/jdk1.8.0_71.jdk/Contents/Home/jre/lib/./libmlib_image.dylib
0x00000001052e7000 	/Library/Java/JavaVirtualMachines/jdk1.8.0_71.jdk/Contents/Home/jre/lib/libawt_lwawt.dylib
0x000000010539c000 	/Library/Java/JavaVirtualMachines/jdk1.8.0_71.jdk/Contents/Home/jre/lib/./libosxapp.dylib
0x000000003b2a1000 	/System/Library/Frameworks/ExceptionHandling.framework/Versions/A/ExceptionHandling
0x000000003b2a1000 	/System/Library/PrivateFrameworks/CoreServicesInternal.framework/Versions/A/CoreServicesInternal
0x000000003b2a1000 	/System/Library/CoreServices/RawCamera.bundle/Contents/MacOS/RawCamera
0x000000011815c000 	/System/Library/Frameworks/Accelerate.framework/Frameworks/vImage.framework/Versions/A/Libraries/libCGInterfaces.dylib
0x000000003b2a1000 	/System/Library/Frameworks/ApplicationServices.framework/Versions/A/Frameworks/ATS.framework/Versions/A/Resources/libTrueTypeScaler.dylib
0x00000001197cd000 	/System/Library/Frameworks/OpenGL.framework/Resources/GLEngine.bundle/GLEngine
0x000000003b2a1000 	/System/Library/Frameworks/OpenGL.framework/Versions/A/Libraries/libGLProgrammability.dylib
0x00000001199b2000 	/System/Library/Extensions/AppleIntelBDWGraphicsGLDriver.bundle/Contents/MacOS/AppleIntelBDWGraphicsGLDriver
0x000000003b2a1000 	/System/Library/PrivateFrameworks/GPUSupport.framework/Versions/A/Libraries/libGPUSupportMercury.dylib
0x000000011a11f000 	/System/Library/Frameworks/OpenGL.framework/Resources//GLRendererFloat.bundle/GLRendererFloat
0x000000003b2a1000 	/System/Library/Frameworks/OpenCL.framework/Versions/A/Libraries/libcldcpuengine.dylib
0x000000003b2a1000 	/usr/lib/libcrypto.0.9.8.dylib
0x000000003b2a1000 	/System/Library/PrivateFrameworks/TrustEvaluationAgent.framework/Versions/A/TrustEvaluationAgent
0x000000011a153000 	/System/Library/Extensions/AppleIntelBDWGraphicsMTLDriver.bundle/Contents/MacOS/AppleIntelBDWGraphicsMTLDriver
0x000000003b2a1000 	/System/Library/PrivateFrameworks/FamilyControls.framework/Versions/A/FamilyControls
0x000000003b2a1000 	/System/Library/PrivateFrameworks/CommerceKit.framework/Versions/A/Frameworks/CommerceCore.framework/Versions/A/CommerceCore
0x000000003b2a1000 	/System/Library/PrivateFrameworks/SystemAdministration.framework/Versions/A/SystemAdministration
0x000000003b2a1000 	/System/Library/PrivateFrameworks/AppContainer.framework/Versions/A/AppContainer
0x000000003b2a1000 	/System/Library/PrivateFrameworks/SecCodeWrapper.framework/Versions/A/SecCodeWrapper
0x000000003b2a1000 	/System/Library/Frameworks/DirectoryService.framework/Versions/A/DirectoryService
0x000000003b2a1000 	/System/Library/PrivateFrameworks/DiskImages.framework/Versions/A/DiskImages
0x000000003b2a1000 	/System/Library/PrivateFrameworks/LoginUIKit.framework/Versions/A/Frameworks/LoginUICore.framework/Versions/A/LoginUICore
0x000000003b2a1000 	/usr/lib/libCoreStorage.dylib
0x000000003b2a1000 	/usr/lib/libcsfde.dylib
0x000000003b2a1000 	/usr/lib/libodfde.dylib
0x000000003b2a1000 	/System/Library/Frameworks/DiscRecording.framework/Versions/A/DiscRecording
0x000000003b2a1000 	/usr/lib/libcurl.4.dylib
0x000000003b2a1000 	/System/Library/PrivateFrameworks/MediaKit.framework/Versions/A/MediaKit
0x000000003b2a1000 	/System/Library/PrivateFrameworks/ProtectedCloudStorage.framework/Versions/A/ProtectedCloudStorage
0x000000003b2a1000 	/System/Library/PrivateFrameworks/EFILogin.framework/Versions/A/EFILogin
0x000000003b2a1000 	/usr/lib/libutil.dylib
0x000000003b2a1000 	/System/Library/Frameworks/LDAP.framework/Versions/A/LDAP
0x000000003b2a1000 	/usr/lib/libsasl2.2.dylib
0x000000003b2a1000 	/System/Library/PrivateFrameworks/CoreDaemon.framework/Versions/B/CoreDaemon
0x000000003b2a1000 	/System/Library/PrivateFrameworks/AppleSRP.framework/Versions/A/AppleSRP
0x000000003b2a1000 	/System/Library/PrivateFrameworks/APFS.framework/Versions/A/APFS
0x000000011b82c000 	/Library/Java/JavaVirtualMachines/jdk1.8.0_71.jdk/Contents/Home/jre/lib/libfontmanager.dylib
0x000000011b893000 	/Users/song/Code/Java_workspace/Ham Blaster/lib/natives/liblwjgl.dylib
0x0000000118be0000 	/Library/Java/JavaVirtualMachines/jdk1.8.0_71.jdk/Contents/Home/jre/lib/libjawt.dylib
0x000000003b2a1000 	/System/Library/PrivateFrameworks/ViewBridge.framework/Versions/A/ViewBridge
0x000000003b2a1000 	/System/Library/PrivateFrameworks/XPCService.framework/Versions/A/XPCService
0x000000003b2a1000 	/System/Library/PrivateFrameworks/AppSandbox.framework/Versions/A/AppSandbox
0x000000003b2a1000 	/usr/lib/libsandbox.1.dylib
0x000000003b2a1000 	/usr/lib/libMatch.1.dylib

VM Arguments:
jvm_args: -Djava.library.path=/Users/song/Code/Java_workspace/Ham Blaster/lib/natives -Dfile.encoding=UTF-8 
java_command: javagame.Game
java_class_path (initial): /Users/song/Code/Java_workspace/Ham Blaster/bin:/Users/song/Code/Java_workspace/Ham Blaster/lib/jars/lwjgl.jar:/Users/song/Code/Java_workspace/Ham Blaster/lib/jars/slick.jar
Launcher Type: SUN_STANDARD

Environment Variables:
PATH=/usr/bin:/bin:/usr/sbin:/sbin
SHELL=/bin/bash
DISPLAY=/private/tmp/com.apple.launchd.w8tQKat2ou/org.macosforge.xquartz:0

Signal Handlers:
SIGSEGV: [libjvm.dylib+0x5a68c5], sa_mask[0]=11111111011111110111111111111111, sa_flags=SA_ONSTACK|SA_RESTART|SA_SIGINFO
SIGBUS: [libjvm.dylib+0x5a68c5], sa_mask[0]=11111111011111110111111111111111, sa_flags=SA_RESTART|SA_SIGINFO
SIGFPE: [libjvm.dylib+0x4805d4], sa_mask[0]=11111111011111110111111111111111, sa_flags=SA_RESTART|SA_SIGINFO
SIGPIPE: [libjvm.dylib+0x4805d4], sa_mask[0]=11111111011111110111111111111111, sa_flags=SA_RESTART|SA_SIGINFO
SIGXFSZ: [libjvm.dylib+0x4805d4], sa_mask[0]=11111111011111110111111111111111, sa_flags=SA_RESTART|SA_SIGINFO
SIGILL: [libjvm.dylib+0x4805d4], sa_mask[0]=11111111011111110111111111111111, sa_flags=SA_RESTART|SA_SIGINFO
SIGUSR1: SIG_DFL, sa_mask[0]=00000000000000000000000000000000, sa_flags=none
SIGUSR2: [libjvm.dylib+0x4800f2], sa_mask[0]=00100000000000000000000000000000, sa_flags=SA_RESTART|SA_SIGINFO
SIGHUP: [libjvm.dylib+0x47e6c9], sa_mask[0]=11111111011111110111111111111111, sa_flags=SA_RESTART|SA_SIGINFO
SIGINT: [libjvm.dylib+0x47e6c9], sa_mask[0]=11111111011111110111111111111111, sa_flags=SA_RESTART|SA_SIGINFO
SIGTERM: [libjvm.dylib+0x47e6c9], sa_mask[0]=11111111011111110111111111111111, sa_flags=SA_RESTART|SA_SIGINFO
SIGQUIT: [libjvm.dylib+0x47e6c9], sa_mask[0]=11111111011111110111111111111111, sa_flags=SA_RESTART|SA_SIGINFO


---------------  S Y S T E M  ---------------

OS:Bsduname:Darwin 16.6.0 Darwin Kernel Version 16.6.0: Fri Apr 14 16:21:16 PDT 2017; root:xnu-3789.60.24~6/RELEASE_X86_64 x86_64
rlimit: STACK 8192k, CORE 0k, NPROC 709, NOFILE 10240, AS infinity
load average:1.79 1.82 1.78

CPU:total 4 (2 cores per cpu, 2 threads per core) family 6 model 61 stepping 4, cmov, cx8, fxsr, mmx, sse, sse2, sse3, ssse3, sse4.1, sse4.2, popcnt, avx, avx2, aes, clmul, erms, 3dnowpref, lzcnt, ht, tsc, tscinvbit, bmi1, bmi2, adx

Memory: 4k page, physical 4194304k(23988k free)

/proc/meminfo:


vm_info: Java HotSpot(TM) 64-Bit Server VM (25.71-b15) for bsd-amd64 JRE (1.8.0_71-b15), built on Dec 22 2015 15:11:44 by "java_re" with gcc 4.2.1 (Based on Apple Inc. build 5658) (LLVM build 2336.11.00)

time: Wed Aug  2 00:29:07 2017
elapsed time: 36 seconds (0d 0h 0m 36s)

