#
# A fatal error has been detected by the Java Runtime Environment:
#
#  SIGSEGV (0xb) at pc=0x00007fffc5529d08, pid=98012, tid=775
#
# JRE version: Java(TM) SE Runtime Environment (8.0_71-b15) (build 1.8.0_71-b15)
# Java VM: Java HotSpot(TM) 64-Bit Server VM (25.71-b15 mixed mode bsd-amd64 compressed oops)
# Problematic frame:
# C  [libobjc.A.dylib+0xbd08]  objc_storeWeak+0x16e
#
# Failed to write core dump. Core dumps have been disabled. To enable core dumping, try "ulimit -c unlimited" before starting Java again
#
# If you would like to submit a bug report, please visit:
#   http://bugreport.java.com/bugreport/crash.jsp
# The crash happened outside the Java Virtual Machine in native code.
# See problematic frame for where to report the bug.
#

---------------  T H R E A D  ---------------

Current thread (0x00007fb7f4863000):  JavaThread "AppKit Thread" daemon [_thread_in_native, id=775, stack(0x00007fff59656000,0x00007fff59e56000)]

siginfo: si_signo: 11 (SIGSEGV), si_code: 1 (SEGV_MAPERR), si_addr: 0x0000000000000000

Registers:
RAX=0x00007fb7f4805600, RBX=0x00007fffcec7e480, RCX=0x0000000000000000, RDX=0x00007ffffffffff8
RSP=0x00007fff59e506a0, RBP=0x00007fff59e50720, RSI=0x00007fb7f4805800, RDI=0x00007fffcec7e480
R8 =0x000000000000003f, R9 =0x00007fb7f357bb60, R10=0x0000000000000028, R11=0x00007fb7f4910480
R12=0x00007fffcec7ec40, R13=0x0000000000000000, R14=0x00007fb7f36b3070, R15=0x0000000000000000
RIP=0x00007fffc5529d08, EFLAGS=0x0000000000010206, ERR=0x0000000000000004
  TRAPNO=0x000000000000000e

Top of Stack: (sp=0x00007fff59e506a0)
0x00007fff59e506a0:   0000000000000000 00007fb7f36c4598
0x00007fff59e506b0:   ffff80480ca844a0 00000000000007c0
0x00007fff59e506c0:   00007fffcebc8630 0000000000000000
0x00007fff59e506d0:   00007fffcec7ec40 00007fb7f36b3070
0x00007fff59e506e0:   0000000000000000 00007fb7f36c4c78
0x00007fff59e506f0:   0000000000000003 00007fb7f357bb60
0x00007fff59e50700:   0000000000000000 00007fb7f357bb60
0x00007fff59e50710:   00007fb7f36c4b20 00007fb7f36b3070
0x00007fff59e50720:   00007fff59e50760 00007fffb20a6d5f
0x00007fff59e50730:   00007fff59e50760 0000000000000000
0x00007fff59e50740:   00007fb7f36b3070 00007fffaeddc006
0x00007fff59e50750:   00007fb7f357bb60 00007fffc5525040
0x00007fff59e50760:   00007fff59e50790 00007fffae4746fb
0x00007fff59e50770:   00007fffc5525040 00007fff59e50818
0x00007fff59e50780:   00007fffaee1f759 00007fffc5525040
0x00007fff59e50790:   00007fff59e507d0 00007fffae841c73
0x00007fff59e507a0:   0000000000000000 0000000000000000
0x00007fff59e507b0:   0000000000000094 00007fffaee0217f
0x00007fff59e507c0:   00007fff59e50818 0000000000000001
0x00007fff59e507d0:   00007fff59e50800 00007fffae2cbd48
0x00007fff59e507e0:   0000000000000000 00007fb7f36b3070
0x00007fff59e507f0:   00007fb7f357bb60 0000000000000000
0x00007fff59e50800:   00007fff59e50860 00007fffae474538
0x00007fff59e50810:   0000000000000000 00007fffced11060
0x00007fff59e50820:   00000000c2000000 00007fffae841b84
0x00007fff59e50830:   00007fffcade0cf0 0000000000000000
0x00007fff59e50840:   00007fb7f36b3070 00007fb7f357bb60
0x00007fff59e50850:   00007fb7f357bb60 00007fb7f36b3070
0x00007fff59e50860:   00007fff59e50890 0000000120217586
0x00007fff59e50870:   00007fb7f357bb60 000000012024bc60
0x00007fff59e50880:   00007fb7f3652fb0 00007fb7f3652fb0
0x00007fff59e50890:   00007fff59e50e00 00007fffae2eee7b 

Instructions: (pc=0x00007fffc5529d08)
0x00007fffc5529ce8:   eb 07 48 8b 45 a0 48 8b 30 48 8b 45 c0 48 39 c6
0x00007fffc5529cf8:   74 2a 48 8b 46 20 48 89 c1 48 21 d1 48 8b 49 08
0x00007fffc5529d08:   f6 01 01 75 0a 48 8b 06 48 21 d0 48 8b 40 20 48
0x00007fffc5529d18:   21 d0 f6 40 03 20 0f 84 f8 fe ff ff 49 c1 e5 06 

Register to memory mapping:

RAX=0x00007fb7f4805600 is an unknown value
RBX=0x00007fffcec7e480: _ZN12_GLOBAL__N_1L12SideTableBufE+0 in /usr/lib/libobjc.A.dylib at 0x00007fffc551e000
RCX=0x0000000000000000 is an unknown value
RDX=0x00007ffffffffff8 is an unknown value
RSP=0x00007fff59e506a0 is pointing into the stack for thread: 0x00007fb7f4863000
RBP=0x00007fff59e50720 is pointing into the stack for thread: 0x00007fb7f4863000
RSI=0x00007fb7f4805800 is a thread
RDI=0x00007fffcec7e480: _ZN12_GLOBAL__N_1L12SideTableBufE+0 in /usr/lib/libobjc.A.dylib at 0x00007fffc551e000
R8 =0x000000000000003f is an unknown value
R9 =0x00007fb7f357bb60 is an unknown value
R10=0x0000000000000028 is an unknown value
R11=0x00007fb7f4910480 is an unknown value
R12=0x00007fffcec7ec40: _ZN12_GLOBAL__N_1L12SideTableBufE+0x7c0 in /usr/lib/libobjc.A.dylib at 0x00007fffc551e000
R13=0x0000000000000000 is an unknown value
R14=0x00007fb7f36b3070 is an unknown value
R15=0x0000000000000000 is an unknown value


Stack: [0x00007fff59656000,0x00007fff59e56000],  sp=0x00007fff59e506a0,  free space=8169k
Native frames: (J=compiled Java code, j=interpreted, Vv=VM code, C=native code)
C  [libobjc.A.dylib+0xbd08]  objc_storeWeak+0x16e
C  [Foundation+0x17d5f]  -[NSConcreteMapTable setObject:forKey:]+0x6a
C  [AppKit+0x3226fb]  -[NSView(NSOpenGLContextAssociation) _setOpenGLContext:]+0x9b
C  [AppKit+0x6efc73]  __27-[NSOpenGLContext setView:]_block_invoke+0xef
C  [AppKit+0x179d48]  NSPerformVisuallyAtomicChange+0x93
C  [AppKit+0x322538]  -[NSOpenGLContext setView:]+0x69
C  [liblwjgl.dylib+0xa586]  -[MacOSXOpenGLView lockFocus]+0x76
C  [AppKit+0x19ce7b]  -[NSView _recursiveDisplayRectIfNeededIgnoringOpacity:isVisibleRect:rectIsVisibleRectForView:topView:]+0x6ee
C  [AppKit+0x19d6d1]  -[NSView _recursiveDisplayRectIfNeededIgnoringOpacity:isVisibleRect:rectIsVisibleRectForView:topView:]+0xf44
C  [AppKit+0x19c2af]  -[NSThemeFrame _recursiveDisplayRectIfNeededIgnoringOpacity:isVisibleRect:rectIsVisibleRectForView:topView:]+0x14e
C  [AppKit+0x19a6d8]  -[NSView _displayRectIgnoringOpacity:isVisibleRect:rectIsVisibleRectForView:]+0x994
C  [AppKit+0x195fca]  -[NSView displayIfNeeded]+0x6d4
C  [AppKit+0x1958db]  -[NSWindow displayIfNeeded]+0xe6
C  [AppKit+0x8f5cb4]  ___NSWindowGetDisplayCycleObserver_block_invoke.6228+0x115
C  [AppKit+0x1953b9]  __37+[NSDisplayCycle currentDisplayCycle]_block_invoke+0x1c6
C  [QuartzCore+0x11da6]  _ZN2CA11Transaction19run_commit_handlersE18CATransactionPhase+0x2e
C  [QuartzCore+0x11b8d8]  _ZN2CA7Context18commit_transactionEPNS_11TransactionE+0xa0
C  [QuartzCore+0x10881]  _ZN2CA11Transaction6commitEv+0x1db
C  [AppKit+0x4788b1]  __37+[NSDisplayCycle currentDisplayCycle]_block_invoke.31+0x143
C  [CoreFoundation+0xa6d37]  __CFRUNLOOP_IS_CALLING_OUT_TO_AN_OBSERVER_CALLBACK_FUNCTION__+0x17
C  [CoreFoundation+0xa6ca7]  __CFRunLoopDoObservers+0x187
C  [CoreFoundation+0x876d9]  __CFRunLoopRun+0x369
C  [CoreFoundation+0x87114]  CFRunLoopRunSpecific+0x1a4
C  [HIToolbox+0x30ebc]  RunCurrentEventLoopInMode+0xf0
C  [HIToolbox+0x30bf9]  ReceiveNextEventCommon+0xb8
C  [HIToolbox+0x30b26]  _BlockUntilNextEventMatchingListInModeWithFilter+0x47
C  [AppKit+0x46a54]  _DPSNextEvent+0x460
C  [AppKit+0x7c27ee]  -[NSApplication(NSEvent) _nextEventMatchingEventMask:untilDate:inMode:dequeue:]+0xaec
C  [libosxapp.dylib+0x23aa]  -[NSApplicationAWT nextEventMatchingMask:untilDate:inMode:dequeue:]+0x7c
C  [AppKit+0x3b3db]  -[NSApplication run]+0x39e
C  [libosxapp.dylib+0x214d]  +[NSApplicationAWT runAWTLoopWithApp:]+0x9c
C  [libawt_lwawt.dylib+0x4455b]  -[AWTStarter starter:]+0x389
C  [Foundation+0x717ba]  __NSThreadPerformPerform+0x146
C  [CoreFoundation+0xa7321]  __CFRUNLOOP_IS_CALLING_OUT_TO_A_SOURCE0_PERFORM_FUNCTION__+0x11
C  [CoreFoundation+0x8821d]  __CFRunLoopDoSources0+0x22d
C  [CoreFoundation+0x87716]  __CFRunLoopRun+0x3a6
C  [CoreFoundation+0x87114]  CFRunLoopRunSpecific+0x1a4
C  [java+0x6463]  CreateExecutionEnvironment+0x367
C  [java+0x21ac]  JLI_Launch+0x7a0
C  [java+0x84c0]  main+0x65
C  [java+0x1a04]  start+0x34
C  0x0000000000000006


---------------  P R O C E S S  ---------------

Java Threads: ( => current thread )
  0x00007fb7f405e000 JavaThread "AWT-Shutdown" [_thread_blocked, id=4623, stack(0x000070000b57c000,0x000070000b67c000)]
=>0x00007fb7f4863000 JavaThread "AppKit Thread" daemon [_thread_in_native, id=775, stack(0x00007fff59656000,0x00007fff59e56000)]
  0x00007fb7f4014000 JavaThread "Service Thread" daemon [_thread_blocked, id=18691, stack(0x000070000c2a6000,0x000070000c3a6000)]
  0x00007fb7f4844000 JavaThread "C1 CompilerThread2" daemon [_thread_blocked, id=18179, stack(0x000070000c1a3000,0x000070000c2a3000)]
  0x00007fb7f381b000 JavaThread "C2 CompilerThread1" daemon [_thread_blocked, id=17667, stack(0x000070000c0a0000,0x000070000c1a0000)]
  0x00007fb7f3825000 JavaThread "C2 CompilerThread0" daemon [_thread_blocked, id=17155, stack(0x000070000bf9d000,0x000070000c09d000)]
  0x00007fb7f500e800 JavaThread "Signal Dispatcher" daemon [_thread_blocked, id=16643, stack(0x000070000be9a000,0x000070000bf9a000)]
  0x00007fb7f3803000 JavaThread "Finalizer" daemon [_thread_blocked, id=12547, stack(0x000070000bd97000,0x000070000be97000)]
  0x00007fb7f3802000 JavaThread "Reference Handler" daemon [_thread_blocked, id=12035, stack(0x000070000bc94000,0x000070000bd94000)]
  0x00007fb7f4805800 JavaThread "main" [_thread_in_native, id=7171, stack(0x000070000b682000,0x000070000b782000)]

Other Threads:
  0x00007fb7f5015800 VMThread [stack: 0x000070000bb91000,0x000070000bc91000] [id=11523]
  0x00007fb7f4015800 WatcherThread [stack: 0x000070000c3a9000,0x000070000c4a9000] [id=19203]

VM state:not at safepoint (normal execution)

VM Mutex/Monitor currently owned by a thread: None

Heap:
 PSYoungGen      total 18944K, used 9352K [0x00000007aab00000, 0x00000007ad000000, 0x00000007c0000000)
  eden space 16384K, 41% used [0x00000007aab00000,0x00000007ab1a97e0,0x00000007abb00000)
  from space 2560K, 98% used [0x00000007abb00000,0x00000007abd78900,0x00000007abd80000)
  to   space 2560K, 0% used [0x00000007acd80000,0x00000007acd80000,0x00000007ad000000)
 ParOldGen       total 44032K, used 1172K [0x0000000780000000, 0x0000000782b00000, 0x00000007aab00000)
  object space 44032K, 2% used [0x0000000780000000,0x0000000780125018,0x0000000782b00000)
 Metaspace       used 8449K, capacity 8629K, committed 8960K, reserved 1056768K
  class space    used 847K, capacity 923K, committed 1024K, reserved 1048576K

Card table byte_map: [0x0000000107b4f000,0x0000000107d50000] byte_map_base: 0x0000000103f4f000

Marking Bits: (ParMarkBitMap*) 0x00000001070e3ea0
 Begin Bits: [0x0000000107d50000, 0x0000000108d50000)
 End Bits:   [0x0000000108d50000, 0x0000000109d50000)

Polling page: 0x0000000105e6a000

CodeCache: size=245760Kb used=3934Kb max_used=3944Kb free=241825Kb
 bounds [0x000000010f7a9000, 0x000000010fb89000, 0x000000011e7a9000]
 total_blobs=1466 nmethods=1059 adapters=321
 compilation: enabled

Compilation events (10 events):
Event: 28.222 Thread 0x00007fb7f4844000 1054       3       org.lwjgl.opengl.MacOSXNativeMouse::setCursorPos (55 bytes)
Event: 28.222 Thread 0x00007fb7f4844000 nmethod 1054 0x000000010fb7d9d0 code [0x000000010fb7db60, 0x000000010fb7df28]
Event: 28.222 Thread 0x00007fb7f4844000 1055       3       org.lwjgl.opengl.MacOSXNativeMouse::addDelta (22 bytes)
Event: 28.222 Thread 0x00007fb7f4844000 nmethod 1055 0x000000010fb6d850 code [0x000000010fb6d9c0, 0x000000010fb6db30]
Event: 29.557 Thread 0x00007fb7f381b000 1056       4       javagame.Play::drawCollisionBoxes (170 bytes)
Event: 29.575 Thread 0x00007fb7f381b000 nmethod 1056 0x000000010fb81b10 code [0x000000010fb81de0, 0x000000010fb82bd0]
Event: 29.734 Thread 0x00007fb7f3825000 1057       4       java.nio.Bits::makeInt (29 bytes)
Event: 29.734 Thread 0x00007fb7f3825000 nmethod 1057 0x000000010fa73d90 code [0x000000010fa73ec0, 0x000000010fa73f18]
Event: 30.154 Thread 0x00007fb7f381b000 1058       4       javagame.Entity::draw (84 bytes)
Event: 30.159 Thread 0x00007fb7f381b000 nmethod 1058 0x000000010fb7d150 code [0x000000010fb7d2c0, 0x000000010fb7d6a8]

GC Heap History (2 events):
Event: 1.490 GC heap before
{Heap before GC invocations=1 (full 0):
 PSYoungGen      total 18944K, used 16384K [0x00000007aab00000, 0x00000007ac000000, 0x00000007c0000000)
  eden space 16384K, 100% used [0x00000007aab00000,0x00000007abb00000,0x00000007abb00000)
  from space 2560K, 0% used [0x00000007abd80000,0x00000007abd80000,0x00000007ac000000)
  to   space 2560K, 0% used [0x00000007abb00000,0x00000007abb00000,0x00000007abd80000)
 ParOldGen       total 44032K, used 0K [0x0000000780000000, 0x0000000782b00000, 0x00000007aab00000)
  object space 44032K, 0% used [0x0000000780000000,0x0000000780000000,0x0000000782b00000)
 Metaspace       used 8112K, capacity 8259K, committed 8320K, reserved 1056768K
  class space    used 834K, capacity 888K, committed 896K, reserved 1048576K
Event: 1.511 GC heap after
Heap after GC invocations=1 (full 0):
 PSYoungGen      total 18944K, used 2530K [0x00000007aab00000, 0x00000007ad000000, 0x00000007c0000000)
  eden space 16384K, 0% used [0x00000007aab00000,0x00000007aab00000,0x00000007abb00000)
  from space 2560K, 98% used [0x00000007abb00000,0x00000007abd78900,0x00000007abd80000)
  to   space 2560K, 0% used [0x00000007acd80000,0x00000007acd80000,0x00000007ad000000)
 ParOldGen       total 44032K, used 1172K [0x0000000780000000, 0x0000000782b00000, 0x00000007aab00000)
  object space 44032K, 2% used [0x0000000780000000,0x0000000780125018,0x0000000782b00000)
 Metaspace       used 8112K, capacity 8259K, committed 8320K, reserved 1056768K
  class space    used 834K, capacity 888K, committed 896K, reserved 1048576K
}

Deoptimization events (2 events):
Event: 0.539 Thread 0x00007fb7f4805800 Uncommon trap: reason=unstable_if action=reinterpret pc=0x000000010f936c9c method=java.lang.String.replace(CC)Ljava/lang/String; @ 26
Event: 10.185 Thread 0x00007fb7f4805800 Uncommon trap: reason=unstable_if action=reinterpret pc=0x000000010fb567a4 method=sun.misc.FloatingDecimal$BinaryToASCIIBuffer.estimateDecExp(JI)I @ 117

Internal exceptions (10 events):
Event: 0.064 Thread 0x00007fb7f4805800 Exception <a 'java/lang/NoSuchMethodError': Method sun.misc.Unsafe.prefetchRead(Ljava/lang/Object;J)V name or signature does not match> (0x00000007aab130f8) thrown at [/Users/java_re/workspace/8-2-build-macosx-x86_64/jdk8u71/5731/hotspot/src/share/vm/prim
Event: 0.192 Thread 0x00007fb7f4805800 Exception <a 'java/security/PrivilegedActionException'> (0x00000007aad1f920) thrown at [/Users/java_re/workspace/8-2-build-macosx-x86_64/jdk8u71/5731/hotspot/src/share/vm/prims/jvm.cpp, line 1386]
Event: 0.192 Thread 0x00007fb7f4805800 Exception <a 'java/security/PrivilegedActionException'> (0x00000007aad1fb30) thrown at [/Users/java_re/workspace/8-2-build-macosx-x86_64/jdk8u71/5731/hotspot/src/share/vm/prims/jvm.cpp, line 1386]
Event: 0.193 Thread 0x00007fb7f4805800 Exception <a 'java/security/PrivilegedActionException'> (0x00000007aad22fb8) thrown at [/Users/java_re/workspace/8-2-build-macosx-x86_64/jdk8u71/5731/hotspot/src/share/vm/prims/jvm.cpp, line 1386]
Event: 0.193 Thread 0x00007fb7f4805800 Exception <a 'java/security/PrivilegedActionException'> (0x00000007aad231c8) thrown at [/Users/java_re/workspace/8-2-build-macosx-x86_64/jdk8u71/5731/hotspot/src/share/vm/prims/jvm.cpp, line 1386]
Event: 0.261 Thread 0x00007fb7f4805800 Exception <a 'java/lang/NoSuchFieldError': method resolution failed> (0x00000007aadf4a58) thrown at [/Users/java_re/workspace/8-2-build-macosx-x86_64/jdk8u71/5731/hotspot/src/share/vm/prims/methodHandles.cpp, line 1146]
Event: 0.263 Thread 0x00007fb7f4805800 Exception <a 'java/lang/NoSuchFieldError': method resolution failed> (0x00000007aae021a8) thrown at [/Users/java_re/workspace/8-2-build-macosx-x86_64/jdk8u71/5731/hotspot/src/share/vm/prims/methodHandles.cpp, line 1146]
Event: 0.493 Thread 0x00007fb7f4805800 Exception <a 'java/io/FileNotFoundException'> (0x00000007aae7d980) thrown at [/Users/java_re/workspace/8-2-build-macosx-x86_64/jdk8u71/5731/hotspot/src/share/vm/prims/jni.cpp, line 709]
Event: 0.494 Thread 0x00007fb7f4805800 Exception <a 'java/io/FileNotFoundException'> (0x00000007aae7e4c0) thrown at [/Users/java_re/workspace/8-2-build-macosx-x86_64/jdk8u71/5731/hotspot/src/share/vm/prims/jni.cpp, line 709]
Event: 0.820 Thread 0x00007fb7f4805800 Exception <a 'java/lang/NoClassDefFoundError': net/java/games/input/ControllerEnvironment> (0x00000007ab2d2430) thrown at [/Users/java_re/workspace/8-2-build-macosx-x86_64/jdk8u71/5731/hotspot/src/share/vm/classfile/systemDictionary.cpp, line 199]

Events (10 events):
Event: 26.689 Executing VM operation: RevokeBias
Event: 26.689 Executing VM operation: RevokeBias done
Event: 26.689 Thread 0x00007fb7f5245000 Thread exited: 0x00007fb7f5245000
Event: 27.623 Thread 0x00007fb7f38cc800 Thread added: 0x00007fb7f38cc800
Event: 29.382 Executing VM operation: RevokeBias
Event: 29.382 Executing VM operation: RevokeBias done
Event: 29.382 Thread 0x00007fb7f38cc800 Thread exited: 0x00007fb7f38cc800
Event: 29.691 Thread 0x00007fb7f405e000 Thread added: 0x00007fb7f405e000
Event: 31.171 loading class org/lwjgl/opengl/CallbackUtil
Event: 31.171 loading class org/lwjgl/opengl/CallbackUtil done


Dynamic libraries:
0x000000003b2a1000 	/System/Library/Frameworks/Cocoa.framework/Versions/A/Cocoa
0x000000003b2a1000 	/System/Library/Frameworks/Security.framework/Versions/A/Security
0x000000003b2a1000 	/System/Library/Frameworks/ApplicationServices.framework/Versions/A/ApplicationServices
0x000000003b2a1000 	/usr/lib/libz.1.dylib
0x000000003b2a1000 	/usr/lib/libSystem.B.dylib
0x000000003b2a1000 	/usr/lib/libobjc.A.dylib
0x000000003b2a1000 	/System/Library/Frameworks/CoreFoundation.framework/Versions/A/CoreFoundation
0x000000003b2a1000 	/System/Library/Frameworks/Foundation.framework/Versions/C/Foundation
0x000000003b2a1000 	/System/Library/Frameworks/AppKit.framework/Versions/C/AppKit
0x000000003b2a1000 	/System/Library/Frameworks/CoreData.framework/Versions/A/CoreData
0x000000003b2a1000 	/System/Library/PrivateFrameworks/RemoteViewServices.framework/Versions/A/RemoteViewServices
0x000000003b2a1000 	/System/Library/PrivateFrameworks/UIFoundation.framework/Versions/A/UIFoundation
0x000000003b2a1000 	/System/Library/PrivateFrameworks/DFRFoundation.framework/Versions/A/DFRFoundation
0x000000003b2a1000 	/usr/lib/libenergytrace.dylib
0x000000003b2a1000 	/System/Library/PrivateFrameworks/SkyLight.framework/Versions/A/SkyLight
0x000000003b2a1000 	/System/Library/Frameworks/CoreGraphics.framework/Versions/A/CoreGraphics
0x000000003b2a1000 	/usr/lib/libScreenReader.dylib
0x000000003b2a1000 	/System/Library/Frameworks/Accelerate.framework/Versions/A/Accelerate
0x000000003b2a1000 	/System/Library/Frameworks/IOSurface.framework/Versions/A/IOSurface
0x000000003b2a1000 	/System/Library/Frameworks/AudioToolbox.framework/Versions/A/AudioToolbox
0x000000003b2a1000 	/System/Library/Frameworks/AudioUnit.framework/Versions/A/AudioUnit
0x000000003b2a1000 	/System/Library/PrivateFrameworks/DataDetectorsCore.framework/Versions/A/DataDetectorsCore
0x000000003b2a1000 	/System/Library/PrivateFrameworks/DesktopServicesPriv.framework/Versions/A/DesktopServicesPriv
0x000000003b2a1000 	/System/Library/Frameworks/Carbon.framework/Versions/A/Frameworks/HIToolbox.framework/Versions/A/HIToolbox
0x000000003b2a1000 	/usr/lib/libicucore.A.dylib
0x000000003b2a1000 	/System/Library/Frameworks/QuartzCore.framework/Versions/A/QuartzCore
0x000000003b2a1000 	/System/Library/Frameworks/Carbon.framework/Versions/A/Frameworks/SpeechRecognition.framework/Versions/A/SpeechRecognition
0x000000003b2a1000 	/usr/lib/libauto.dylib
0x000000003b2a1000 	/usr/lib/libxml2.2.dylib
0x000000003b2a1000 	/System/Library/PrivateFrameworks/CoreUI.framework/Versions/A/CoreUI
0x000000003b2a1000 	/System/Library/Frameworks/CoreAudio.framework/Versions/A/CoreAudio
0x000000003b2a1000 	/System/Library/Frameworks/DiskArbitration.framework/Versions/A/DiskArbitration
0x000000003b2a1000 	/usr/lib/liblangid.dylib
0x000000003b2a1000 	/System/Library/PrivateFrameworks/MultitouchSupport.framework/Versions/A/MultitouchSupport
0x000000003b2a1000 	/System/Library/Frameworks/IOKit.framework/Versions/A/IOKit
0x000000003b2a1000 	/usr/lib/libDiagnosticMessagesClient.dylib
0x000000003b2a1000 	/System/Library/Frameworks/CoreServices.framework/Versions/A/CoreServices
0x000000003b2a1000 	/System/Library/PrivateFrameworks/PerformanceAnalysis.framework/Versions/A/PerformanceAnalysis
0x000000003b2a1000 	/System/Library/PrivateFrameworks/GenerationalStorage.framework/Versions/A/GenerationalStorage
0x000000003b2a1000 	/System/Library/Frameworks/OpenGL.framework/Versions/A/OpenGL
0x000000003b2a1000 	/System/Library/Frameworks/CoreImage.framework/Versions/A/CoreImage
0x000000003b2a1000 	/System/Library/Frameworks/CoreText.framework/Versions/A/CoreText
0x000000003b2a1000 	/System/Library/Frameworks/ImageIO.framework/Versions/A/ImageIO
0x000000003b2a1000 	/System/Library/PrivateFrameworks/Backup.framework/Versions/A/Backup
0x000000003b2a1000 	/usr/lib/libarchive.2.dylib
0x000000003b2a1000 	/System/Library/Frameworks/CFNetwork.framework/Versions/A/CFNetwork
0x000000003b2a1000 	/System/Library/Frameworks/SystemConfiguration.framework/Versions/A/SystemConfiguration
0x000000003b2a1000 	/usr/lib/libCRFSuite.dylib
0x000000003b2a1000 	/usr/lib/libc++.1.dylib
0x000000003b2a1000 	/usr/lib/libc++abi.dylib
0x000000003b2a1000 	/usr/lib/system/libcache.dylib
0x000000003b2a1000 	/usr/lib/system/libcommonCrypto.dylib
0x000000003b2a1000 	/usr/lib/system/libcompiler_rt.dylib
0x000000003b2a1000 	/usr/lib/system/libcopyfile.dylib
0x000000003b2a1000 	/usr/lib/system/libcorecrypto.dylib
0x000000003b2a1000 	/usr/lib/system/libdispatch.dylib
0x000000003b2a1000 	/usr/lib/system/libdyld.dylib
0x000000003b2a1000 	/usr/lib/system/libkeymgr.dylib
0x000000003b2a1000 	/usr/lib/system/liblaunch.dylib
0x000000003b2a1000 	/usr/lib/system/libmacho.dylib
0x000000003b2a1000 	/usr/lib/system/libquarantine.dylib
0x000000003b2a1000 	/usr/lib/system/libremovefile.dylib
0x000000003b2a1000 	/usr/lib/system/libsystem_asl.dylib
0x000000003b2a1000 	/usr/lib/system/libsystem_blocks.dylib
0x000000003b2a1000 	/usr/lib/system/libsystem_c.dylib
0x000000003b2a1000 	/usr/lib/system/libsystem_configuration.dylib
0x000000003b2a1000 	/usr/lib/system/libsystem_coreservices.dylib
0x000000003b2a1000 	/usr/lib/system/libsystem_coretls.dylib
0x000000003b2a1000 	/usr/lib/system/libsystem_dnssd.dylib
0x000000003b2a1000 	/usr/lib/system/libsystem_info.dylib
0x000000003b2a1000 	/usr/lib/system/libsystem_kernel.dylib
0x000000003b2a1000 	/usr/lib/system/libsystem_m.dylib
0x000000003b2a1000 	/usr/lib/system/libsystem_malloc.dylib
0x000000003b2a1000 	/usr/lib/system/libsystem_network.dylib
0x000000003b2a1000 	/usr/lib/system/libsystem_networkextension.dylib
0x000000003b2a1000 	/usr/lib/system/libsystem_notify.dylib
0x000000003b2a1000 	/usr/lib/system/libsystem_platform.dylib
0x000000003b2a1000 	/usr/lib/system/libsystem_pthread.dylib
0x000000003b2a1000 	/usr/lib/system/libsystem_sandbox.dylib
0x000000003b2a1000 	/usr/lib/system/libsystem_secinit.dylib
0x000000003b2a1000 	/usr/lib/system/libsystem_symptoms.dylib
0x000000003b2a1000 	/usr/lib/system/libsystem_trace.dylib
0x000000003b2a1000 	/usr/lib/system/libunwind.dylib
0x000000003b2a1000 	/usr/lib/system/libxpc.dylib
0x000000003b2a1000 	/usr/lib/libbsm.0.dylib
0x000000003b2a1000 	/usr/lib/system/libkxld.dylib
0x000000003b2a1000 	/usr/lib/libcoretls.dylib
0x000000003b2a1000 	/usr/lib/libcoretls_cfhelpers.dylib
0x000000003b2a1000 	/usr/lib/libOpenScriptingUtil.dylib
0x000000003b2a1000 	/usr/lib/libpam.2.dylib
0x000000003b2a1000 	/usr/lib/libsqlite3.dylib
0x000000003b2a1000 	/usr/lib/libxar.1.dylib
0x000000003b2a1000 	/usr/lib/libbz2.1.0.dylib
0x000000003b2a1000 	/usr/lib/liblzma.5.dylib
0x000000003b2a1000 	/usr/lib/libnetwork.dylib
0x000000003b2a1000 	/usr/lib/libpcap.A.dylib
0x000000003b2a1000 	/System/Library/Frameworks/CoreServices.framework/Versions/A/Frameworks/FSEvents.framework/Versions/A/FSEvents
0x000000003b2a1000 	/System/Library/Frameworks/CoreServices.framework/Versions/A/Frameworks/CarbonCore.framework/Versions/A/CarbonCore
0x000000003b2a1000 	/System/Library/Frameworks/CoreServices.framework/Versions/A/Frameworks/Metadata.framework/Versions/A/Metadata
0x000000003b2a1000 	/System/Library/Frameworks/CoreServices.framework/Versions/A/Frameworks/OSServices.framework/Versions/A/OSServices
0x000000003b2a1000 	/System/Library/Frameworks/CoreServices.framework/Versions/A/Frameworks/SearchKit.framework/Versions/A/SearchKit
0x000000003b2a1000 	/System/Library/Frameworks/CoreServices.framework/Versions/A/Frameworks/AE.framework/Versions/A/AE
0x000000003b2a1000 	/System/Library/Frameworks/CoreServices.framework/Versions/A/Frameworks/LaunchServices.framework/Versions/A/LaunchServices
0x000000003b2a1000 	/System/Library/Frameworks/CoreServices.framework/Versions/A/Frameworks/DictionaryServices.framework/Versions/A/DictionaryServices
0x000000003b2a1000 	/System/Library/Frameworks/CoreServices.framework/Versions/A/Frameworks/SharedFileList.framework/Versions/A/SharedFileList
0x000000003b2a1000 	/System/Library/Frameworks/NetFS.framework/Versions/A/NetFS
0x000000003b2a1000 	/System/Library/PrivateFrameworks/NetAuth.framework/Versions/A/NetAuth
0x000000003b2a1000 	/System/Library/PrivateFrameworks/login.framework/Versions/A/Frameworks/loginsupport.framework/Versions/A/loginsupport
0x000000003b2a1000 	/System/Library/PrivateFrameworks/TCC.framework/Versions/A/TCC
0x000000003b2a1000 	/usr/lib/libmecabra.dylib
0x000000003b2a1000 	/System/Library/Frameworks/ApplicationServices.framework/Versions/A/Frameworks/ATS.framework/Versions/A/ATS
0x000000003b2a1000 	/System/Library/Frameworks/ApplicationServices.framework/Versions/A/Frameworks/ColorSync.framework/Versions/A/ColorSync
0x000000003b2a1000 	/System/Library/Frameworks/ApplicationServices.framework/Versions/A/Frameworks/HIServices.framework/Versions/A/HIServices
0x000000003b2a1000 	/System/Library/Frameworks/ApplicationServices.framework/Versions/A/Frameworks/LangAnalysis.framework/Versions/A/LangAnalysis
0x000000003b2a1000 	/System/Library/Frameworks/ApplicationServices.framework/Versions/A/Frameworks/PrintCore.framework/Versions/A/PrintCore
0x000000003b2a1000 	/System/Library/Frameworks/ApplicationServices.framework/Versions/A/Frameworks/QD.framework/Versions/A/QD
0x000000003b2a1000 	/System/Library/Frameworks/ApplicationServices.framework/Versions/A/Frameworks/SpeechSynthesis.framework/Versions/A/SpeechSynthesis
0x000000003b2a1000 	/System/Library/Frameworks/Accelerate.framework/Versions/A/Frameworks/vImage.framework/Versions/A/vImage
0x000000003b2a1000 	/System/Library/Frameworks/Accelerate.framework/Versions/A/Frameworks/vecLib.framework/Versions/A/vecLib
0x000000003b2a1000 	/System/Library/Frameworks/Accelerate.framework/Versions/A/Frameworks/vecLib.framework/Versions/A/libvDSP.dylib
0x000000003b2a1000 	/System/Library/Frameworks/Accelerate.framework/Versions/A/Frameworks/vecLib.framework/Versions/A/libBNNS.dylib
0x000000003b2a1000 	/System/Library/Frameworks/Accelerate.framework/Versions/A/Frameworks/vecLib.framework/Versions/A/libQuadrature.dylib
0x000000003b2a1000 	/System/Library/Frameworks/Accelerate.framework/Versions/A/Frameworks/vecLib.framework/Versions/A/libvMisc.dylib
0x000000003b2a1000 	/System/Library/Frameworks/Accelerate.framework/Versions/A/Frameworks/vecLib.framework/Versions/A/libLAPACK.dylib
0x000000003b2a1000 	/System/Library/Frameworks/Accelerate.framework/Versions/A/Frameworks/vecLib.framework/Versions/A/libBLAS.dylib
0x000000003b2a1000 	/System/Library/Frameworks/Accelerate.framework/Versions/A/Frameworks/vecLib.framework/Versions/A/libLinearAlgebra.dylib
0x000000003b2a1000 	/System/Library/Frameworks/Accelerate.framework/Versions/A/Frameworks/vecLib.framework/Versions/A/libSparseBLAS.dylib
0x000000003b2a1000 	/System/Library/Frameworks/ApplicationServices.framework/Versions/A/Frameworks/ATS.framework/Versions/A/Resources/libFontParser.dylib
0x000000003b2a1000 	/System/Library/Frameworks/ApplicationServices.framework/Versions/A/Frameworks/ATS.framework/Versions/A/Resources/libFontRegistry.dylib
0x000000003b2a1000 	/System/Library/Frameworks/ImageIO.framework/Versions/A/Resources/libJPEG.dylib
0x000000003b2a1000 	/System/Library/Frameworks/ImageIO.framework/Versions/A/Resources/libTIFF.dylib
0x000000003b2a1000 	/System/Library/Frameworks/ImageIO.framework/Versions/A/Resources/libPng.dylib
0x000000003b2a1000 	/System/Library/Frameworks/ImageIO.framework/Versions/A/Resources/libGIF.dylib
0x000000003b2a1000 	/System/Library/Frameworks/ImageIO.framework/Versions/A/Resources/libJP2.dylib
0x000000003b2a1000 	/System/Library/Frameworks/ImageIO.framework/Versions/A/Resources/libRadiance.dylib
0x000000003b2a1000 	/usr/lib/libcompression.dylib
0x000000003b2a1000 	/System/Library/PrivateFrameworks/AppleJPEG.framework/Versions/A/AppleJPEG
0x000000003b2a1000 	/usr/lib/libcups.2.dylib
0x000000003b2a1000 	/System/Library/Frameworks/Kerberos.framework/Versions/A/Kerberos
0x000000003b2a1000 	/System/Library/Frameworks/GSS.framework/Versions/A/GSS
0x000000003b2a1000 	/usr/lib/libresolv.9.dylib
0x000000003b2a1000 	/usr/lib/libiconv.2.dylib
0x000000003b2a1000 	/System/Library/PrivateFrameworks/Heimdal.framework/Versions/A/Heimdal
0x000000003b2a1000 	/usr/lib/libheimdal-asn1.dylib
0x000000003b2a1000 	/System/Library/Frameworks/OpenDirectory.framework/Versions/A/OpenDirectory
0x000000003b2a1000 	/System/Library/PrivateFrameworks/CommonAuth.framework/Versions/A/CommonAuth
0x000000003b2a1000 	/System/Library/Frameworks/OpenDirectory.framework/Versions/A/Frameworks/CFOpenDirectory.framework/Versions/A/CFOpenDirectory
0x000000003b2a1000 	/System/Library/Frameworks/SecurityFoundation.framework/Versions/A/SecurityFoundation
0x000000003b2a1000 	/System/Library/PrivateFrameworks/LanguageModeling.framework/Versions/A/LanguageModeling
0x000000003b2a1000 	/usr/lib/libmarisa.dylib
0x000000003b2a1000 	/usr/lib/libChineseTokenizer.dylib
0x000000003b2a1000 	/usr/lib/libcmph.dylib
0x000000003b2a1000 	/System/Library/PrivateFrameworks/CoreEmoji.framework/Versions/A/CoreEmoji
0x000000003b2a1000 	/System/Library/Frameworks/ServiceManagement.framework/Versions/A/ServiceManagement
0x000000003b2a1000 	/usr/lib/libxslt.1.dylib
0x000000003b2a1000 	/System/Library/Frameworks/Carbon.framework/Versions/A/Frameworks/Ink.framework/Versions/A/Ink
0x000000003b2a1000 	/System/Library/PrivateFrameworks/TextureIO.framework/Versions/A/TextureIO
0x000000003b2a1000 	/System/Library/Frameworks/Metal.framework/Versions/A/Metal
0x000000003b2a1000 	/usr/lib/libate.dylib
0x000000003b2a1000 	/System/Library/PrivateFrameworks/GPUCompiler.framework/libmetal_timestamp.dylib
0x000000003b2a1000 	/System/Library/Frameworks/OpenGL.framework/Versions/A/Libraries/libCoreFSCache.dylib
0x000000003b2a1000 	/System/Library/PrivateFrameworks/IOAccelerator.framework/Versions/A/IOAccelerator
0x000000003b2a1000 	/System/Library/Frameworks/CoreVideo.framework/Versions/A/CoreVideo
0x000000003b2a1000 	/usr/lib/libFosl_dynamic.dylib
0x000000003b2a1000 	/System/Library/PrivateFrameworks/MetalPerformanceShaders.framework/Versions/A/MetalPerformanceShaders
0x000000003b2a1000 	/System/Library/PrivateFrameworks/FaceCore.framework/Versions/A/FaceCore
0x000000003b2a1000 	/System/Library/Frameworks/OpenCL.framework/Versions/A/OpenCL
0x000000003b2a1000 	/System/Library/Frameworks/OpenGL.framework/Versions/A/Libraries/libGLU.dylib
0x000000003b2a1000 	/System/Library/Frameworks/OpenGL.framework/Versions/A/Libraries/libGFXShared.dylib
0x000000003b2a1000 	/System/Library/Frameworks/OpenGL.framework/Versions/A/Libraries/libGL.dylib
0x000000003b2a1000 	/System/Library/Frameworks/OpenGL.framework/Versions/A/Libraries/libGLImage.dylib
0x000000003b2a1000 	/System/Library/Frameworks/OpenGL.framework/Versions/A/Libraries/libCVMSPluginSupport.dylib
0x000000003b2a1000 	/System/Library/Frameworks/OpenGL.framework/Versions/A/Libraries/libCoreVMClient.dylib
0x000000003b2a1000 	/System/Library/PrivateFrameworks/CrashReporterSupport.framework/Versions/A/CrashReporterSupport
0x000000003b2a1000 	/System/Library/PrivateFrameworks/Sharing.framework/Versions/A/Sharing
0x000000003b2a1000 	/System/Library/PrivateFrameworks/IconServices.framework/Versions/A/IconServices
0x000000003b2a1000 	/System/Library/PrivateFrameworks/ProtocolBuffer.framework/Versions/A/ProtocolBuffer
0x000000003b2a1000 	/System/Library/PrivateFrameworks/Apple80211.framework/Versions/A/Apple80211
0x000000003b2a1000 	/System/Library/Frameworks/CoreWLAN.framework/Versions/A/CoreWLAN
0x000000003b2a1000 	/System/Library/PrivateFrameworks/CoreUtils.framework/Versions/A/CoreUtils
0x000000003b2a1000 	/System/Library/Frameworks/IOBluetooth.framework/Versions/A/IOBluetooth
0x000000003b2a1000 	/System/Library/PrivateFrameworks/CoreWiFi.framework/Versions/A/CoreWiFi
0x000000003b2a1000 	/System/Library/Frameworks/CoreBluetooth.framework/Versions/A/CoreBluetooth
0x000000003b2a1000 	/System/Library/Frameworks/CoreDisplay.framework/Versions/A/CoreDisplay
0x000000003b2a1000 	/System/Library/PrivateFrameworks/IOPresentment.framework/Versions/A/IOPresentment
0x000000003b2a1000 	/System/Library/PrivateFrameworks/DSExternalDisplay.framework/Versions/A/DSExternalDisplay
0x000000003b2a1000 	/System/Library/PrivateFrameworks/DebugSymbols.framework/Versions/A/DebugSymbols
0x000000003b2a1000 	/System/Library/PrivateFrameworks/CoreSymbolication.framework/Versions/A/CoreSymbolication
0x000000003b2a1000 	/System/Library/PrivateFrameworks/Symbolication.framework/Versions/A/Symbolication
0x000000003b2a1000 	/System/Library/PrivateFrameworks/AppleFSCompression.framework/Versions/A/AppleFSCompression
0x000000003b2a1000 	/System/Library/PrivateFrameworks/SpeechRecognitionCore.framework/Versions/A/SpeechRecognitionCore
0x000000003b2a1000 	/System/Library/PrivateFrameworks/ChunkingLibrary.framework/Versions/A/ChunkingLibrary
0x0000000106800000 	/Library/Java/JavaVirtualMachines/jdk1.8.0_71.jdk/Contents/Home/jre/lib/server/libjvm.dylib
0x000000003b2a1000 	/usr/lib/libstdc++.6.dylib
0x0000000105e27000 	/Library/Java/JavaVirtualMachines/jdk1.8.0_71.jdk/Contents/Home/jre/lib/libverify.dylib
0x0000000105e35000 	/Library/Java/JavaVirtualMachines/jdk1.8.0_71.jdk/Contents/Home/jre/lib/libjava.dylib
0x0000000105e74000 	/Library/Java/JavaVirtualMachines/jdk1.8.0_71.jdk/Contents/Home/jre/lib/libzip.dylib
0x000000010ba1e000 	/System/Library/Frameworks/JavaVM.framework/Frameworks/JavaRuntimeSupport.framework/JavaRuntimeSupport
0x0000000105fe8000 	/System/Library/Frameworks/JavaVM.framework/Versions/A/Frameworks/JavaNativeFoundation.framework/Versions/A/JavaNativeFoundation
0x000000010ba38000 	/System/Library/Frameworks/JavaVM.framework/Versions/A/JavaVM
0x000000003b2a1000 	/System/Library/Frameworks/Carbon.framework/Versions/A/Carbon
0x000000010ba45000 	/System/Library/PrivateFrameworks/JavaLaunching.framework/Versions/A/JavaLaunching
0x000000003b2a1000 	/System/Library/Frameworks/Carbon.framework/Versions/A/Frameworks/CommonPanels.framework/Versions/A/CommonPanels
0x000000003b2a1000 	/System/Library/Frameworks/Carbon.framework/Versions/A/Frameworks/Help.framework/Versions/A/Help
0x000000003b2a1000 	/System/Library/Frameworks/Carbon.framework/Versions/A/Frameworks/ImageCapture.framework/Versions/A/ImageCapture
0x000000003b2a1000 	/System/Library/Frameworks/Carbon.framework/Versions/A/Frameworks/OpenScripting.framework/Versions/A/OpenScripting
0x000000003b2a1000 	/System/Library/Frameworks/Carbon.framework/Versions/A/Frameworks/Print.framework/Versions/A/Print
0x000000003b2a1000 	/System/Library/Frameworks/Carbon.framework/Versions/A/Frameworks/SecurityHI.framework/Versions/A/SecurityHI
0x000000010d371000 	/Library/Java/JavaVirtualMachines/jdk1.8.0_71.jdk/Contents/Home/jre/lib/libawt.dylib
0x000000010d419000 	/Library/Java/JavaVirtualMachines/jdk1.8.0_71.jdk/Contents/Home/jre/lib/./libmlib_image.dylib
0x000000010d4e5000 	/Library/Java/JavaVirtualMachines/jdk1.8.0_71.jdk/Contents/Home/jre/lib/libawt_lwawt.dylib
0x000000010d59a000 	/Library/Java/JavaVirtualMachines/jdk1.8.0_71.jdk/Contents/Home/jre/lib/./libosxapp.dylib
0x000000003b2a1000 	/System/Library/Frameworks/ExceptionHandling.framework/Versions/A/ExceptionHandling
0x000000003b2a1000 	/System/Library/PrivateFrameworks/CoreServicesInternal.framework/Versions/A/CoreServicesInternal
0x000000003b2a1000 	/System/Library/CoreServices/RawCamera.bundle/Contents/MacOS/RawCamera
0x000000010da11000 	/System/Library/Frameworks/Accelerate.framework/Frameworks/vImage.framework/Versions/A/Libraries/libCGInterfaces.dylib
0x000000003b2a1000 	/System/Library/Frameworks/ApplicationServices.framework/Versions/A/Frameworks/ATS.framework/Versions/A/Resources/libTrueTypeScaler.dylib
0x000000010f0b1000 	/System/Library/Frameworks/OpenGL.framework/Resources/GLEngine.bundle/GLEngine
0x000000003b2a1000 	/System/Library/Frameworks/OpenGL.framework/Versions/A/Libraries/libGLProgrammability.dylib
0x000000011e7a9000 	/System/Library/Extensions/AppleIntelBDWGraphicsGLDriver.bundle/Contents/MacOS/AppleIntelBDWGraphicsGLDriver
0x000000003b2a1000 	/System/Library/PrivateFrameworks/GPUSupport.framework/Versions/A/Libraries/libGPUSupportMercury.dylib
0x000000010f296000 	/System/Library/Frameworks/OpenGL.framework/Resources//GLRendererFloat.bundle/GLRendererFloat
0x000000003b2a1000 	/System/Library/Frameworks/OpenCL.framework/Versions/A/Libraries/libcldcpuengine.dylib
0x000000003b2a1000 	/usr/lib/libcrypto.0.9.8.dylib
0x000000003b2a1000 	/System/Library/PrivateFrameworks/TrustEvaluationAgent.framework/Versions/A/TrustEvaluationAgent
0x000000010f2ca000 	/System/Library/Extensions/AppleIntelBDWGraphicsMTLDriver.bundle/Contents/MacOS/AppleIntelBDWGraphicsMTLDriver
0x000000003b2a1000 	/System/Library/PrivateFrameworks/FamilyControls.framework/Versions/A/FamilyControls
0x000000003b2a1000 	/System/Library/PrivateFrameworks/CommerceKit.framework/Versions/A/Frameworks/CommerceCore.framework/Versions/A/CommerceCore
0x000000003b2a1000 	/System/Library/PrivateFrameworks/SystemAdministration.framework/Versions/A/SystemAdministration
0x000000003b2a1000 	/System/Library/PrivateFrameworks/AppContainer.framework/Versions/A/AppContainer
0x000000003b2a1000 	/System/Library/PrivateFrameworks/SecCodeWrapper.framework/Versions/A/SecCodeWrapper
0x000000003b2a1000 	/System/Library/Frameworks/DirectoryService.framework/Versions/A/DirectoryService
0x000000003b2a1000 	/System/Library/PrivateFrameworks/DiskImages.framework/Versions/A/DiskImages
0x000000003b2a1000 	/System/Library/PrivateFrameworks/LoginUIKit.framework/Versions/A/Frameworks/LoginUICore.framework/Versions/A/LoginUICore
0x000000003b2a1000 	/usr/lib/libCoreStorage.dylib
0x000000003b2a1000 	/usr/lib/libcsfde.dylib
0x000000003b2a1000 	/usr/lib/libodfde.dylib
0x000000003b2a1000 	/System/Library/Frameworks/DiscRecording.framework/Versions/A/DiscRecording
0x000000003b2a1000 	/usr/lib/libcurl.4.dylib
0x000000003b2a1000 	/System/Library/PrivateFrameworks/MediaKit.framework/Versions/A/MediaKit
0x000000003b2a1000 	/System/Library/PrivateFrameworks/ProtectedCloudStorage.framework/Versions/A/ProtectedCloudStorage
0x000000003b2a1000 	/System/Library/PrivateFrameworks/EFILogin.framework/Versions/A/EFILogin
0x000000003b2a1000 	/usr/lib/libutil.dylib
0x000000003b2a1000 	/System/Library/Frameworks/LDAP.framework/Versions/A/LDAP
0x000000003b2a1000 	/usr/lib/libsasl2.2.dylib
0x000000003b2a1000 	/System/Library/PrivateFrameworks/CoreDaemon.framework/Versions/B/CoreDaemon
0x000000003b2a1000 	/System/Library/PrivateFrameworks/AppleSRP.framework/Versions/A/AppleSRP
0x000000003b2a1000 	/System/Library/PrivateFrameworks/APFS.framework/Versions/A/APFS
0x00000001201a6000 	/Library/Java/JavaVirtualMachines/jdk1.8.0_71.jdk/Contents/Home/jre/lib/libfontmanager.dylib
0x000000012020d000 	/Users/song/Code/Java_workspace/Ham Blaster/lib/natives/liblwjgl.dylib
0x000000010e2c9000 	/Library/Java/JavaVirtualMachines/jdk1.8.0_71.jdk/Contents/Home/jre/lib/libjawt.dylib
0x000000003b2a1000 	/System/Library/PrivateFrameworks/ViewBridge.framework/Versions/A/ViewBridge
0x000000003b2a1000 	/System/Library/PrivateFrameworks/XPCService.framework/Versions/A/XPCService
0x000000003b2a1000 	/System/Library/PrivateFrameworks/AppSandbox.framework/Versions/A/AppSandbox
0x000000003b2a1000 	/usr/lib/libsandbox.1.dylib
0x000000003b2a1000 	/usr/lib/libMatch.1.dylib

VM Arguments:
jvm_args: -Djava.library.path=/Users/song/Code/Java_workspace/Ham Blaster/lib/natives -Dfile.encoding=UTF-8 
java_command: javagame.Game
java_class_path (initial): /Users/song/Code/Java_workspace/Ham Blaster/bin:/Users/song/Code/Java_workspace/Ham Blaster/lib/jars/lwjgl.jar:/Users/song/Code/Java_workspace/Ham Blaster/lib/jars/slick.jar
Launcher Type: SUN_STANDARD

Environment Variables:
PATH=/usr/bin:/bin:/usr/sbin:/sbin
SHELL=/bin/bash
DISPLAY=/private/tmp/com.apple.launchd.w8tQKat2ou/org.macosforge.xquartz:0

Signal Handlers:
SIGSEGV: [libjvm.dylib+0x5a68c5], sa_mask[0]=11111111011111110111111111111111, sa_flags=SA_ONSTACK|SA_RESTART|SA_SIGINFO
SIGBUS: [libjvm.dylib+0x5a68c5], sa_mask[0]=11111111011111110111111111111111, sa_flags=SA_RESTART|SA_SIGINFO
SIGFPE: [libjvm.dylib+0x4805d4], sa_mask[0]=11111111011111110111111111111111, sa_flags=SA_RESTART|SA_SIGINFO
SIGPIPE: [libjvm.dylib+0x4805d4], sa_mask[0]=11111111011111110111111111111111, sa_flags=SA_RESTART|SA_SIGINFO
SIGXFSZ: [libjvm.dylib+0x4805d4], sa_mask[0]=11111111011111110111111111111111, sa_flags=SA_RESTART|SA_SIGINFO
SIGILL: [libjvm.dylib+0x4805d4], sa_mask[0]=11111111011111110111111111111111, sa_flags=SA_RESTART|SA_SIGINFO
SIGUSR1: SIG_DFL, sa_mask[0]=00000000000000000000000000000000, sa_flags=none
SIGUSR2: [libjvm.dylib+0x4800f2], sa_mask[0]=00100000000000000000000000000000, sa_flags=SA_RESTART|SA_SIGINFO
SIGHUP: [libjvm.dylib+0x47e6c9], sa_mask[0]=11111111011111110111111111111111, sa_flags=SA_RESTART|SA_SIGINFO
SIGINT: [libjvm.dylib+0x47e6c9], sa_mask[0]=11111111011111110111111111111111, sa_flags=SA_RESTART|SA_SIGINFO
SIGTERM: [libjvm.dylib+0x47e6c9], sa_mask[0]=11111111011111110111111111111111, sa_flags=SA_RESTART|SA_SIGINFO
SIGQUIT: [libjvm.dylib+0x47e6c9], sa_mask[0]=11111111011111110111111111111111, sa_flags=SA_RESTART|SA_SIGINFO


---------------  S Y S T E M  ---------------

OS:Bsduname:Darwin 16.6.0 Darwin Kernel Version 16.6.0: Fri Apr 14 16:21:16 PDT 2017; root:xnu-3789.60.24~6/RELEASE_X86_64 x86_64
rlimit: STACK 8192k, CORE 0k, NPROC 709, NOFILE 10240, AS infinity
load average:2.43 2.01 1.97

CPU:total 4 (2 cores per cpu, 2 threads per core) family 6 model 61 stepping 4, cmov, cx8, fxsr, mmx, sse, sse2, sse3, ssse3, sse4.1, sse4.2, popcnt, avx, avx2, aes, clmul, erms, 3dnowpref, lzcnt, ht, tsc, tscinvbit, bmi1, bmi2, adx

Memory: 4k page, physical 4194304k(161624k free)

/proc/meminfo:


vm_info: Java HotSpot(TM) 64-Bit Server VM (25.71-b15) for bsd-amd64 JRE (1.8.0_71-b15), built on Dec 22 2015 15:11:44 by "java_re" with gcc 4.2.1 (Based on Apple Inc. build 5658) (LLVM build 2336.11.00)

time: Wed Aug  2 01:24:38 2017
elapsed time: 31 seconds (0d 0h 0m 31s)

